<?xml version="1.0" encoding="UTF-8" standalone="yes"?><!DOCTYPE report PUBLIC "-//JACOCO//DTD Report 1.1//EN" "report.dtd"><report name="univille-kombat"><sessioninfo id="Editoracao02-efbe1069" start="1750864150196" dump="1750864155620"/><package name="com/luta2d"><class name="com/luta2d/CustomCursor" sourcefilename="CustomCursor.java"><method name="&lt;init&gt;" desc="()V" line="9"><counter type="INSTRUCTION" missed="3" covered="0"/><counter type="LINE" missed="1" covered="0"/><counter type="COMPLEXITY" missed="1" covered="0"/><counter type="METHOD" missed="1" covered="0"/></method><method name="applyCursor" desc="(Ljavax/swing/JFrame;Ljava/net/URL;)V" line="13"><counter type="INSTRUCTION" missed="6" covered="20"/><counter type="LINE" missed="2" covered="6"/><counter type="COMPLEXITY" missed="0" covered="1"/><counter type="METHOD" missed="0" covered="1"/></method><method name="applyCursorToComponent" desc="(Ljava/awt/Component;Ljava/net/URL;)V" line="24"><counter type="INSTRUCTION" missed="26" covered="0"/><counter type="LINE" missed="8" covered="0"/><counter type="COMPLEXITY" missed="1" covered="0"/><counter type="METHOD" missed="1" covered="0"/></method><counter type="INSTRUCTION" missed="35" covered="20"/><counter type="LINE" missed="11" covered="6"/><counter type="COMPLEXITY" missed="2" covered="1"/><counter type="METHOD" missed="2" covered="1"/><counter type="CLASS" missed="0" covered="1"/></class><class name="com/luta2d/GameWindow$1" sourcefilename="GameWindow.java"><method name="&lt;init&gt;" desc="(Lcom/luta2d/GameWindow;)V" line="40"><counter type="INSTRUCTION" missed="0" covered="6"/><counter type="LINE" missed="0" covered="1"/><counter type="COMPLEXITY" missed="0" covered="1"/><counter type="METHOD" missed="0" covered="1"/></method><method name="componentResized" desc="(Ljava/awt/event/ComponentEvent;)V" line="43"><counter type="INSTRUCTION" missed="3" covered="5"/><counter type="BRANCH" missed="1" covered="1"/><counter type="LINE" missed="1" covered="2"/><counter type="COMPLEXITY" missed="1" covered="1"/><counter type="METHOD" missed="0" covered="1"/></method><counter type="INSTRUCTION" missed="3" covered="11"/><counter type="BRANCH" missed="1" covered="1"/><counter type="LINE" missed="1" covered="3"/><counter type="COMPLEXITY" missed="1" covered="2"/><counter type="METHOD" missed="0" covered="2"/><counter type="CLASS" missed="0" covered="1"/></class><class name="com/luta2d/Player$LightningEffect" sourcefilename="Player.java"><method name="&lt;init&gt;" desc="(II)V" line="198"><counter type="INSTRUCTION" missed="43" covered="0"/><counter type="LINE" missed="12" covered="0"/><counter type="COMPLEXITY" missed="1" covered="0"/><counter type="METHOD" missed="1" covered="0"/></method><method name="update" desc="()V" line="216"><counter type="INSTRUCTION" missed="54" covered="0"/><counter type="BRANCH" missed="8" covered="0"/><counter type="LINE" missed="11" covered="0"/><counter type="COMPLEXITY" missed="5" covered="0"/><counter type="METHOD" missed="1" covered="0"/></method><method name="isCollidingWith" desc="(Lcom/luta2d/Player;)Z" line="237"><counter type="INSTRUCTION" missed="80" covered="0"/><counter type="BRANCH" missed="12" covered="0"/><counter type="LINE" missed="13" covered="0"/><counter type="COMPLEXITY" missed="7" covered="0"/><counter type="METHOD" missed="1" covered="0"/></method><counter type="INSTRUCTION" missed="177" covered="0"/><counter type="BRANCH" missed="20" covered="0"/><counter type="LINE" missed="36" covered="0"/><counter type="COMPLEXITY" missed="13" covered="0"/><counter type="METHOD" missed="3" covered="0"/><counter type="CLASS" missed="1" covered="0"/></class><class name="com/luta2d/MenuScreen" sourcefilename="MenuScreen.java"><method name="&lt;init&gt;" desc="(Lcom/luta2d/GameWindow;)V" line="18"><counter type="INSTRUCTION" missed="27" covered="149"/><counter type="BRANCH" missed="4" covered="4"/><counter type="LINE" missed="8" covered="39"/><counter type="COMPLEXITY" missed="4" covered="1"/><counter type="METHOD" missed="0" covered="1"/></method><method name="setupButton" desc="(Ljavax/swing/JButton;)V" line="112"><counter type="INSTRUCTION" missed="0" covered="43"/><counter type="LINE" missed="0" covered="10"/><counter type="COMPLEXITY" missed="0" covered="1"/><counter type="METHOD" missed="0" covered="1"/></method><method name="addHoverSound" desc="(Ljavax/swing/JButton;)V" line="125"><counter type="INSTRUCTION" missed="0" covered="1"/><counter type="LINE" missed="0" covered="1"/><counter type="COMPLEXITY" missed="0" covered="1"/><counter type="METHOD" missed="0" covered="1"/></method><method name="positionButtons" desc="()V" line="128"><counter type="INSTRUCTION" missed="6" covered="70"/><counter type="BRANCH" missed="2" covered="2"/><counter type="LINE" missed="0" covered="13"/><counter type="COMPLEXITY" missed="2" covered="1"/><counter type="METHOD" missed="0" covered="1"/></method><method name="paintComponent" desc="(Ljava/awt/Graphics;)V" line="153"><counter type="INSTRUCTION" missed="34" covered="0"/><counter type="BRANCH" missed="2" covered="0"/><counter type="LINE" missed="8" covered="0"/><counter type="COMPLEXITY" missed="2" covered="0"/><counter type="METHOD" missed="1" covered="0"/></method><method name="addNotify" desc="()V" line="170"><counter type="INSTRUCTION" missed="6" covered="0"/><counter type="LINE" missed="3" covered="0"/><counter type="COMPLEXITY" missed="1" covered="0"/><counter type="METHOD" missed="1" covered="0"/></method><method name="doLayout" desc="()V" line="180"><counter type="INSTRUCTION" missed="5" covered="0"/><counter type="LINE" missed="3" covered="0"/><counter type="COMPLEXITY" missed="1" covered="0"/><counter type="METHOD" missed="1" covered="0"/></method><method name="lambda$addNotify$4" desc="()V" line="173"><counter type="INSTRUCTION" missed="5" covered="0"/><counter type="LINE" missed="3" covered="0"/><counter type="COMPLEXITY" missed="1" covered="0"/><counter type="METHOD" missed="1" covered="0"/></method><method name="lambda$new$3" desc="(Lcom/luta2d/GameWindow;Ljava/awt/event/ActionEvent;)V" line="97"><counter type="INSTRUCTION" missed="7" covered="0"/><counter type="LINE" missed="2" covered="0"/><counter type="COMPLEXITY" missed="1" covered="0"/><counter type="METHOD" missed="1" covered="0"/></method><method name="lambda$new$2" desc="(Lcom/luta2d/GameWindow;Ljava/awt/event/ActionEvent;)V" line="93"><counter type="INSTRUCTION" missed="7" covered="0"/><counter type="LINE" missed="2" covered="0"/><counter type="COMPLEXITY" missed="1" covered="0"/><counter type="METHOD" missed="1" covered="0"/></method><method name="lambda$new$1" desc="(Lcom/luta2d/GameWindow;Ljava/awt/event/ActionEvent;)V" line="89"><counter type="INSTRUCTION" missed="7" covered="0"/><counter type="LINE" missed="2" covered="0"/><counter type="COMPLEXITY" missed="1" covered="0"/><counter type="METHOD" missed="1" covered="0"/></method><method name="lambda$new$0" desc="(Lcom/luta2d/AudioManager;)V" line="27"><counter type="INSTRUCTION" missed="5" covered="0"/><counter type="LINE" missed="2" covered="0"/><counter type="COMPLEXITY" missed="1" covered="0"/><counter type="METHOD" missed="1" covered="0"/></method><counter type="INSTRUCTION" missed="109" covered="263"/><counter type="BRANCH" missed="8" covered="6"/><counter type="LINE" missed="33" covered="63"/><counter type="COMPLEXITY" missed="15" covered="4"/><counter type="METHOD" missed="8" covered="4"/><counter type="CLASS" missed="0" covered="1"/></class><class name="com/luta2d/CharacterSelectionScreen$CharacterButton" sourcefilename="CharacterSelectionScreen.java"><method name="&lt;init&gt;" desc="(Ljava/lang/String;IIIII)V" line="384"><counter type="INSTRUCTION" missed="40" covered="0"/><counter type="BRANCH" missed="2" covered="0"/><counter type="LINE" missed="12" covered="0"/><counter type="COMPLEXITY" missed="2" covered="0"/><counter type="METHOD" missed="1" covered="0"/></method><method name="loadCharacterImage" desc="(II)V" line="408"><counter type="INSTRUCTION" missed="53" covered="0"/><counter type="BRANCH" missed="2" covered="0"/><counter type="LINE" missed="14" covered="0"/><counter type="COMPLEXITY" missed="2" covered="0"/><counter type="METHOD" missed="1" covered="0"/></method><method name="loadFrameImage" desc="(II)V" line="426"><counter type="INSTRUCTION" missed="47" covered="0"/><counter type="BRANCH" missed="2" covered="0"/><counter type="LINE" missed="14" covered="0"/><counter type="COMPLEXITY" missed="2" covered="0"/><counter type="METHOD" missed="1" covered="0"/></method><method name="setSelected" desc="(ZLjava/awt/Color;)V" line="443"><counter type="INSTRUCTION" missed="15" covered="0"/><counter type="BRANCH" missed="2" covered="0"/><counter type="LINE" missed="6" covered="0"/><counter type="COMPLEXITY" missed="2" covered="0"/><counter type="METHOD" missed="1" covered="0"/></method><method name="paintComponent" desc="(Ljava/awt/Graphics;)V" line="454"><counter type="INSTRUCTION" missed="140" covered="0"/><counter type="BRANCH" missed="10" covered="0"/><counter type="LINE" missed="24" covered="0"/><counter type="COMPLEXITY" missed="6" covered="0"/><counter type="METHOD" missed="1" covered="0"/></method><method name="&lt;clinit&gt;" desc="()V" line="388"><counter type="INSTRUCTION" missed="3" covered="0"/><counter type="LINE" missed="1" covered="0"/><counter type="COMPLEXITY" missed="1" covered="0"/><counter type="METHOD" missed="1" covered="0"/></method><counter type="INSTRUCTION" missed="298" covered="0"/><counter type="BRANCH" missed="18" covered="0"/><counter type="LINE" missed="71" covered="0"/><counter type="COMPLEXITY" missed="15" covered="0"/><counter type="METHOD" missed="6" covered="0"/><counter type="CLASS" missed="1" covered="0"/></class><class name="com/luta2d/Player" sourcefilename="Player.java"><method name="&lt;init&gt;" desc="(Lcom/luta2d/Character;III)V" line="20"><counter type="INSTRUCTION" missed="42" covered="275"/><counter type="BRANCH" missed="0" covered="16"/><counter type="LINE" missed="14" covered="81"/><counter type="COMPLEXITY" missed="0" covered="9"/><counter type="METHOD" missed="0" covered="1"/></method><method name="loadAnimations" desc="()V" line="496"><counter type="INSTRUCTION" missed="42" covered="172"/><counter type="BRANCH" missed="4" covered="15"/><counter type="LINE" missed="9" covered="41"/><counter type="COMPLEXITY" missed="4" covered="11"/><counter type="METHOD" missed="0" covered="1"/></method><method name="setOpponent" desc="(Lcom/luta2d/Player;)V" line="576"><counter type="INSTRUCTION" missed="0" covered="4"/><counter type="LINE" missed="0" covered="2"/><counter type="COMPLEXITY" missed="0" covered="1"/><counter type="METHOD" missed="0" covered="1"/></method><method name="performAttack" desc="(Lcom/luta2d/Player;Ljava/lang/String;D)V" line="580"><counter type="INSTRUCTION" missed="75" covered="0"/><counter type="BRANCH" missed="18" covered="0"/><counter type="LINE" missed="17" covered="0"/><counter type="COMPLEXITY" missed="10" covered="0"/><counter type="METHOD" missed="1" covered="0"/></method><method name="punch" desc="(Lcom/luta2d/Player;)V" line="610"><counter type="INSTRUCTION" missed="10" covered="0"/><counter type="BRANCH" missed="2" covered="0"/><counter type="LINE" missed="3" covered="0"/><counter type="COMPLEXITY" missed="2" covered="0"/><counter type="METHOD" missed="1" covered="0"/></method><method name="kick" desc="(Lcom/luta2d/Player;)V" line="615"><counter type="INSTRUCTION" missed="10" covered="0"/><counter type="BRANCH" missed="2" covered="0"/><counter type="LINE" missed="3" covered="0"/><counter type="COMPLEXITY" missed="2" covered="0"/><counter type="METHOD" missed="1" covered="0"/></method><method name="specialAttack" desc="(Lcom/luta2d/Player;)V" line="620"><counter type="INSTRUCTION" missed="291" covered="0"/><counter type="BRANCH" missed="41" covered="0"/><counter type="LINE" missed="61" covered="0"/><counter type="COMPLEXITY" missed="24" covered="0"/><counter type="METHOD" missed="1" covered="0"/></method><method name="isAttacking" desc="()Z" line="720"><counter type="INSTRUCTION" missed="2" covered="9"/><counter type="BRANCH" missed="1" covered="1"/><counter type="LINE" missed="0" covered="1"/><counter type="COMPLEXITY" missed="1" covered="1"/><counter type="METHOD" missed="0" covered="1"/></method><method name="isAttackingWithProjectile" desc="()Z" line="724"><counter type="INSTRUCTION" missed="6" covered="5"/><counter type="BRANCH" missed="3" covered="1"/><counter type="LINE" missed="0" covered="1"/><counter type="COMPLEXITY" missed="2" covered="1"/><counter type="METHOD" missed="0" covered="1"/></method><method name="isAttackingWithLightning" desc="()Z" line="728"><counter type="INSTRUCTION" missed="6" covered="5"/><counter type="BRANCH" missed="3" covered="1"/><counter type="LINE" missed="0" covered="1"/><counter type="COMPLEXITY" missed="2" covered="1"/><counter type="METHOD" missed="0" covered="1"/></method><method name="isAttackingWithBear" desc="()Z" line="732"><counter type="INSTRUCTION" missed="6" covered="5"/><counter type="BRANCH" missed="3" covered="1"/><counter type="LINE" missed="0" covered="1"/><counter type="COMPLEXITY" missed="2" covered="1"/><counter type="METHOD" missed="0" covered="1"/></method><method name="isTakingDamage" desc="()Z" line="736"><counter type="INSTRUCTION" missed="2" covered="9"/><counter type="BRANCH" missed="1" covered="1"/><counter type="LINE" missed="0" covered="1"/><counter type="COMPLEXITY" missed="1" covered="1"/><counter type="METHOD" missed="0" covered="1"/></method><method name="update" desc="()V" line="741"><counter type="INSTRUCTION" missed="410" covered="146"/><counter type="BRANCH" missed="90" covered="22"/><counter type="LINE" missed="78" covered="30"/><counter type="COMPLEXITY" missed="55" covered="2"/><counter type="METHOD" missed="0" covered="1"/></method><method name="moveLeft" desc="()V" line="946"><counter type="INSTRUCTION" missed="7" covered="22"/><counter type="BRANCH" missed="5" covered="3"/><counter type="LINE" missed="0" covered="6"/><counter type="COMPLEXITY" missed="4" covered="1"/><counter type="METHOD" missed="0" covered="1"/></method><method name="moveRight" desc="()V" line="955"><counter type="INSTRUCTION" missed="7" covered="22"/><counter type="BRANCH" missed="5" covered="3"/><counter type="LINE" missed="0" covered="6"/><counter type="COMPLEXITY" missed="4" covered="1"/><counter type="METHOD" missed="0" covered="1"/></method><method name="isCollidingAt" desc="(ILcom/luta2d/Player;)Z" line="964"><counter type="INSTRUCTION" missed="43" covered="0"/><counter type="BRANCH" missed="4" covered="0"/><counter type="LINE" missed="8" covered="0"/><counter type="COMPLEXITY" missed="3" covered="0"/><counter type="METHOD" missed="1" covered="0"/></method><method name="jump" desc="()V" line="981"><counter type="INSTRUCTION" missed="20" covered="0"/><counter type="BRANCH" missed="6" covered="0"/><counter type="LINE" missed="6" covered="0"/><counter type="COMPLEXITY" missed="4" covered="0"/><counter type="METHOD" missed="1" covered="0"/></method><method name="setCrouching" desc="(Z)V" line="990"><counter type="INSTRUCTION" missed="1" covered="10"/><counter type="BRANCH" missed="2" covered="2"/><counter type="LINE" missed="0" covered="3"/><counter type="COMPLEXITY" missed="2" covered="1"/><counter type="METHOD" missed="0" covered="1"/></method><method name="isCrouching" desc="()Z" line="995"><counter type="INSTRUCTION" missed="0" covered="3"/><counter type="LINE" missed="0" covered="1"/><counter type="COMPLEXITY" missed="0" covered="1"/><counter type="METHOD" missed="0" covered="1"/></method><method name="setBlocking" desc="(Z)V" line="999"><counter type="INSTRUCTION" missed="1" covered="10"/><counter type="BRANCH" missed="2" covered="2"/><counter type="LINE" missed="0" covered="3"/><counter type="COMPLEXITY" missed="2" covered="1"/><counter type="METHOD" missed="0" covered="1"/></method><method name="isBlocking" desc="()Z" line="1004"><counter type="INSTRUCTION" missed="0" covered="3"/><counter type="LINE" missed="0" covered="1"/><counter type="COMPLEXITY" missed="0" covered="1"/><counter type="METHOD" missed="0" covered="1"/></method><method name="updateAnimationState" desc="(ZZZ)V" line="1008"><counter type="INSTRUCTION" missed="17" covered="31"/><counter type="BRANCH" missed="10" covered="10"/><counter type="LINE" missed="6" covered="7"/><counter type="COMPLEXITY" missed="10" covered="1"/><counter type="METHOD" missed="0" covered="1"/></method><method name="draw" desc="(Ljava/awt/Graphics;)V" line="1029"><counter type="INSTRUCTION" missed="838" covered="0"/><counter type="BRANCH" missed="72" covered="0"/><counter type="LINE" missed="128" covered="0"/><counter type="COMPLEXITY" missed="37" covered="0"/><counter type="METHOD" missed="1" covered="0"/></method><method name="setAnimation" desc="(Ljava/lang/String;)V" line="1248"><counter type="INSTRUCTION" missed="9" covered="6"/><counter type="BRANCH" missed="1" covered="1"/><counter type="LINE" missed="3" covered="2"/><counter type="COMPLEXITY" missed="1" covered="1"/><counter type="METHOD" missed="0" covered="1"/></method><method name="getCharacter" desc="()Lcom/luta2d/Character;" line="1257"><counter type="INSTRUCTION" missed="0" covered="3"/><counter type="LINE" missed="0" covered="1"/><counter type="COMPLEXITY" missed="0" covered="1"/><counter type="METHOD" missed="0" covered="1"/></method><method name="getX" desc="()I" line="1261"><counter type="INSTRUCTION" missed="0" covered="3"/><counter type="LINE" missed="0" covered="1"/><counter type="COMPLEXITY" missed="0" covered="1"/><counter type="METHOD" missed="0" covered="1"/></method><method name="setX" desc="(I)V" line="1265"><counter type="INSTRUCTION" missed="0" covered="4"/><counter type="LINE" missed="0" covered="2"/><counter type="COMPLEXITY" missed="0" covered="1"/><counter type="METHOD" missed="0" covered="1"/></method><method name="getY" desc="()I" line="1269"><counter type="INSTRUCTION" missed="0" covered="3"/><counter type="LINE" missed="0" covered="1"/><counter type="COMPLEXITY" missed="0" covered="1"/><counter type="METHOD" missed="0" covered="1"/></method><method name="setY" desc="(I)V" line="1273"><counter type="INSTRUCTION" missed="0" covered="4"/><counter type="LINE" missed="0" covered="2"/><counter type="COMPLEXITY" missed="0" covered="1"/><counter type="METHOD" missed="0" covered="1"/></method><method name="getWidth" desc="()I" line="1277"><counter type="INSTRUCTION" missed="0" covered="3"/><counter type="LINE" missed="0" covered="1"/><counter type="COMPLEXITY" missed="0" covered="1"/><counter type="METHOD" missed="0" covered="1"/></method><method name="getHeight" desc="()I" line="1281"><counter type="INSTRUCTION" missed="0" covered="3"/><counter type="LINE" missed="0" covered="1"/><counter type="COMPLEXITY" missed="0" covered="1"/><counter type="METHOD" missed="0" covered="1"/></method><method name="isFacingRight" desc="()Z" line="1285"><counter type="INSTRUCTION" missed="3" covered="0"/><counter type="LINE" missed="1" covered="0"/><counter type="COMPLEXITY" missed="1" covered="0"/><counter type="METHOD" missed="1" covered="0"/></method><method name="setJumping" desc="(Z)V" line="1289"><counter type="INSTRUCTION" missed="4" covered="0"/><counter type="LINE" missed="2" covered="0"/><counter type="COMPLEXITY" missed="1" covered="0"/><counter type="METHOD" missed="1" covered="0"/></method><method name="clearProjectile" desc="()V" line="1293"><counter type="INSTRUCTION" missed="4" covered="0"/><counter type="LINE" missed="2" covered="0"/><counter type="COMPLEXITY" missed="1" covered="0"/><counter type="METHOD" missed="1" covered="0"/></method><method name="loadBloodSpritesheet" desc="()V" line="1297"><counter type="INSTRUCTION" missed="26" covered="0"/><counter type="BRANCH" missed="2" covered="0"/><counter type="LINE" missed="10" covered="0"/><counter type="COMPLEXITY" missed="2" covered="0"/><counter type="METHOD" missed="1" covered="0"/></method><method name="takeDamage" desc="(I)V" line="1312"><counter type="INSTRUCTION" missed="5" covered="0"/><counter type="LINE" missed="2" covered="0"/><counter type="COMPLEXITY" missed="1" covered="0"/><counter type="METHOD" missed="1" covered="0"/></method><method name="takeDamage" desc="(IZ)V" line="1317"><counter type="INSTRUCTION" missed="113" covered="0"/><counter type="BRANCH" missed="10" covered="0"/><counter type="LINE" missed="21" covered="0"/><counter type="COMPLEXITY" missed="6" covered="0"/><counter type="METHOD" missed="1" covered="0"/></method><method name="applyKnockback" desc="(Z)V" line="1346"><counter type="INSTRUCTION" missed="36" covered="0"/><counter type="BRANCH" missed="8" covered="0"/><counter type="LINE" missed="8" covered="0"/><counter type="COMPLEXITY" missed="5" covered="0"/><counter type="METHOD" missed="1" covered="0"/></method><method name="getSpecialAttackProgress" desc="()D" line="1357"><counter type="INSTRUCTION" missed="18" covered="0"/><counter type="BRANCH" missed="2" covered="0"/><counter type="LINE" missed="5" covered="0"/><counter type="COMPLEXITY" missed="2" covered="0"/><counter type="METHOD" missed="1" covered="0"/></method><method name="isSpecialAttackReady" desc="()Z" line="1368"><counter type="INSTRUCTION" missed="9" covered="0"/><counter type="BRANCH" missed="2" covered="0"/><counter type="LINE" missed="1" covered="0"/><counter type="COMPLEXITY" missed="2" covered="0"/><counter type="METHOD" missed="1" covered="0"/></method><method name="getTimeUntilSpecialReady" desc="()J" line="1372"><counter type="INSTRUCTION" missed="17" covered="0"/><counter type="BRANCH" missed="2" covered="0"/><counter type="LINE" missed="5" covered="0"/><counter type="COMPLEXITY" missed="2" covered="0"/><counter type="METHOD" missed="1" covered="0"/></method><method name="canBeFinished" desc="()Z" line="1384"><counter type="INSTRUCTION" missed="5" covered="5"/><counter type="BRANCH" missed="3" covered="1"/><counter type="LINE" missed="0" covered="1"/><counter type="COMPLEXITY" missed="2" covered="1"/><counter type="METHOD" missed="0" covered="1"/></method><method name="finish" desc="(Z)V" line="1388"><counter type="INSTRUCTION" missed="30" covered="0"/><counter type="BRANCH" missed="4" covered="0"/><counter type="LINE" missed="8" covered="0"/><counter type="COMPLEXITY" missed="3" covered="0"/><counter type="METHOD" missed="1" covered="0"/></method><method name="isBeingFinished" desc="()Z" line="1406"><counter type="INSTRUCTION" missed="0" covered="3"/><counter type="LINE" missed="0" covered="1"/><counter type="COMPLEXITY" missed="0" covered="1"/><counter type="METHOD" missed="0" covered="1"/></method><method name="isFinalKnockback" desc="()Z" line="1410"><counter type="INSTRUCTION" missed="0" covered="3"/><counter type="LINE" missed="0" covered="1"/><counter type="COMPLEXITY" missed="0" covered="1"/><counter type="METHOD" missed="0" covered="1"/></method><method name="resetForNewRound" desc="()V" line="1415"><counter type="INSTRUCTION" missed="49" covered="0"/><counter type="LINE" missed="17" covered="0"/><counter type="COMPLEXITY" missed="1" covered="0"/><counter type="METHOD" missed="1" covered="0"/></method><method name="lambda$finish$2" desc="(ZLjava/awt/event/ActionEvent;)V" line="1396"><counter type="INSTRUCTION" missed="18" covered="0"/><counter type="BRANCH" missed="2" covered="0"/><counter type="LINE" missed="5" covered="0"/><counter type="COMPLEXITY" missed="2" covered="0"/><counter type="METHOD" missed="1" covered="0"/></method><method name="lambda$update$1" desc="(Lcom/luta2d/Player$DamageNumber;)Z" line="844"><counter type="INSTRUCTION" missed="3" covered="0"/><counter type="LINE" missed="1" covered="0"/><counter type="COMPLEXITY" missed="1" covered="0"/><counter type="METHOD" missed="1" covered="0"/></method><method name="lambda$update$0" desc="(Lcom/luta2d/Player$BloodEffect;)Z" line="838"><counter type="INSTRUCTION" missed="3" covered="0"/><counter type="LINE" missed="1" covered="0"/><counter type="COMPLEXITY" missed="1" covered="0"/><counter type="METHOD" missed="1" covered="0"/></method><method name="&lt;clinit&gt;" desc="()V" line="97"><counter type="INSTRUCTION" missed="0" covered="23"/><counter type="LINE" missed="0" covered="11"/><counter type="COMPLEXITY" missed="0" covered="1"/><counter type="METHOD" missed="0" covered="1"/></method><counter type="INSTRUCTION" missed="2188" covered="794"/><counter type="BRANCH" missed="310" covered="80"/><counter type="LINE" missed="423" covered="211"/><counter type="COMPLEXITY" missed="205" covered="47"/><counter type="METHOD" missed="22" covered="28"/><counter type="CLASS" missed="0" covered="1"/></class><class name="com/luta2d/GameWindow" sourcefilename="GameWindow.java"><method name="&lt;init&gt;" desc="()V" line="12"><counter type="INSTRUCTION" missed="11" covered="65"/><counter type="BRANCH" missed="1" covered="1"/><counter type="LINE" missed="4" covered="19"/><counter type="COMPLEXITY" missed="1" covered="1"/><counter type="METHOD" missed="0" covered="1"/></method><method name="showIntro" desc="()V" line="72"><counter type="INSTRUCTION" missed="13" covered="36"/><counter type="BRANCH" missed="1" covered="1"/><counter type="LINE" missed="5" covered="10"/><counter type="COMPLEXITY" missed="1" covered="1"/><counter type="METHOD" missed="0" covered="1"/></method><method name="showMenu" desc="()V" line="95"><counter type="INSTRUCTION" missed="13" covered="0"/><counter type="LINE" missed="4" covered="0"/><counter type="COMPLEXITY" missed="1" covered="0"/><counter type="METHOD" missed="1" covered="0"/></method><method name="switchTo" desc="(Ljavax/swing/JPanel;)V" line="106"><counter type="INSTRUCTION" missed="52" covered="0"/><counter type="BRANCH" missed="2" covered="0"/><counter type="LINE" missed="13" covered="0"/><counter type="COMPLEXITY" missed="2" covered="0"/><counter type="METHOD" missed="1" covered="0"/></method><method name="setFullScreen" desc="(Z)V" line="137"><counter type="INSTRUCTION" missed="14" covered="16"/><counter type="BRANCH" missed="1" covered="1"/><counter type="LINE" missed="5" covered="6"/><counter type="COMPLEXITY" missed="1" covered="1"/><counter type="METHOD" missed="0" covered="1"/></method><method name="isFullScreen" desc="()Z" line="153"><counter type="INSTRUCTION" missed="3" covered="0"/><counter type="LINE" missed="1" covered="0"/><counter type="COMPLEXITY" missed="1" covered="0"/><counter type="METHOD" missed="1" covered="0"/></method><method name="getScaleFactor" desc="()D" line="157"><counter type="INSTRUCTION" missed="12" covered="0"/><counter type="LINE" missed="3" covered="0"/><counter type="COMPLEXITY" missed="1" covered="0"/><counter type="METHOD" missed="1" covered="0"/></method><method name="maintainAspectRatio" desc="()V" line="164"><counter type="INSTRUCTION" missed="40" covered="0"/><counter type="BRANCH" missed="2" covered="0"/><counter type="LINE" missed="9" covered="0"/><counter type="COMPLEXITY" missed="2" covered="0"/><counter type="METHOD" missed="1" covered="0"/></method><method name="main" desc="([Ljava/lang/String;)V" line="182"><counter type="INSTRUCTION" missed="3" covered="0"/><counter type="LINE" missed="2" covered="0"/><counter type="COMPLEXITY" missed="1" covered="0"/><counter type="METHOD" missed="1" covered="0"/></method><method name="lambda$main$4" desc="()V" line="182"><counter type="INSTRUCTION" missed="5" covered="0"/><counter type="LINE" missed="1" covered="0"/><counter type="COMPLEXITY" missed="1" covered="0"/><counter type="METHOD" missed="1" covered="0"/></method><method name="lambda$switchTo$3" desc="(Ljavax/swing/JPanel;)V" line="131"><counter type="INSTRUCTION" missed="6" covered="0"/><counter type="LINE" missed="3" covered="0"/><counter type="COMPLEXITY" missed="1" covered="0"/><counter type="METHOD" missed="1" covered="0"/></method><method name="lambda$showMenu$2" desc="(Ljava/awt/event/ActionEvent;)V" line="96"><counter type="INSTRUCTION" missed="13" covered="0"/><counter type="LINE" missed="4" covered="0"/><counter type="COMPLEXITY" missed="1" covered="0"/><counter type="METHOD" missed="1" covered="0"/></method><method name="lambda$showIntro$1" desc="()V" line="81"><counter type="INSTRUCTION" missed="4" covered="0"/><counter type="LINE" missed="2" covered="0"/><counter type="COMPLEXITY" missed="1" covered="0"/><counter type="METHOD" missed="1" covered="0"/></method><method name="lambda$new$0" desc="(Ljava/awt/event/WindowEvent;)V" line="33"><counter type="INSTRUCTION" missed="14" covered="0"/><counter type="BRANCH" missed="4" covered="0"/><counter type="LINE" missed="4" covered="0"/><counter type="COMPLEXITY" missed="3" covered="0"/><counter type="METHOD" missed="1" covered="0"/></method><counter type="INSTRUCTION" missed="203" covered="117"/><counter type="BRANCH" missed="11" covered="3"/><counter type="LINE" missed="59" covered="35"/><counter type="COMPLEXITY" missed="18" covered="3"/><counter type="METHOD" missed="11" covered="3"/><counter type="CLASS" missed="0" covered="1"/></class><class name="com/luta2d/Player$LapisProjectile" sourcefilename="Player.java"><method name="&lt;init&gt;" desc="(IIZ)V" line="346"><counter type="INSTRUCTION" missed="33" covered="0"/><counter type="LINE" missed="11" covered="0"/><counter type="COMPLEXITY" missed="1" covered="0"/><counter type="METHOD" missed="1" covered="0"/></method><method name="update" desc="()V" line="360"><counter type="INSTRUCTION" missed="33" covered="0"/><counter type="BRANCH" missed="6" covered="0"/><counter type="LINE" missed="7" covered="0"/><counter type="COMPLEXITY" missed="4" covered="0"/><counter type="METHOD" missed="1" covered="0"/></method><method name="isCollidingWith" desc="(Lcom/luta2d/Player;)Z" line="371"><counter type="INSTRUCTION" missed="64" covered="0"/><counter type="BRANCH" missed="10" covered="0"/><counter type="LINE" missed="11" covered="0"/><counter type="COMPLEXITY" missed="6" covered="0"/><counter type="METHOD" missed="1" covered="0"/></method><counter type="INSTRUCTION" missed="130" covered="0"/><counter type="BRANCH" missed="16" covered="0"/><counter type="LINE" missed="29" covered="0"/><counter type="COMPLEXITY" missed="11" covered="0"/><counter type="METHOD" missed="3" covered="0"/><counter type="CLASS" missed="1" covered="0"/></class><class name="com/luta2d/TutorialScreen" sourcefilename="TutorialScreen.java"><method name="&lt;init&gt;" desc="(Lcom/luta2d/GameWindow;)V" line="11"><counter type="INSTRUCTION" missed="51" covered="0"/><counter type="BRANCH" missed="2" covered="0"/><counter type="LINE" missed="16" covered="0"/><counter type="COMPLEXITY" missed="2" covered="0"/><counter type="METHOD" missed="1" covered="0"/></method><method name="paintComponent" desc="(Ljava/awt/Graphics;)V" line="45"><counter type="INSTRUCTION" missed="77" covered="0"/><counter type="BRANCH" missed="2" covered="0"/><counter type="LINE" missed="16" covered="0"/><counter type="COMPLEXITY" missed="2" covered="0"/><counter type="METHOD" missed="1" covered="0"/></method><counter type="INSTRUCTION" missed="128" covered="0"/><counter type="BRANCH" missed="4" covered="0"/><counter type="LINE" missed="32" covered="0"/><counter type="COMPLEXITY" missed="4" covered="0"/><counter type="METHOD" missed="2" covered="0"/><counter type="CLASS" missed="1" covered="0"/></class><class name="com/luta2d/ArenaSelectionScreen$ArenaButton" sourcefilename="ArenaSelectionScreen.java"><method name="&lt;init&gt;" desc="(Ljava/lang/String;IIIII)V" line="196"><counter type="INSTRUCTION" missed="34" covered="0"/><counter type="LINE" missed="10" covered="0"/><counter type="COMPLEXITY" missed="1" covered="0"/><counter type="METHOD" missed="1" covered="0"/></method><method name="loadArenaImage" desc="(II)V" line="212"><counter type="INSTRUCTION" missed="63" covered="0"/><counter type="BRANCH" missed="2" covered="0"/><counter type="LINE" missed="15" covered="0"/><counter type="COMPLEXITY" missed="2" covered="0"/><counter type="METHOD" missed="1" covered="0"/></method><method name="setSelected" desc="(Z)V" line="230"><counter type="INSTRUCTION" missed="19" covered="0"/><counter type="BRANCH" missed="2" covered="0"/><counter type="LINE" missed="5" covered="0"/><counter type="COMPLEXITY" missed="2" covered="0"/><counter type="METHOD" missed="1" covered="0"/></method><method name="paintComponent" desc="(Ljava/awt/Graphics;)V" line="238"><counter type="INSTRUCTION" missed="24" covered="0"/><counter type="BRANCH" missed="2" covered="0"/><counter type="LINE" missed="5" covered="0"/><counter type="COMPLEXITY" missed="2" covered="0"/><counter type="METHOD" missed="1" covered="0"/></method><counter type="INSTRUCTION" missed="140" covered="0"/><counter type="BRANCH" missed="6" covered="0"/><counter type="LINE" missed="35" covered="0"/><counter type="COMPLEXITY" missed="7" covered="0"/><counter type="METHOD" missed="4" covered="0"/><counter type="CLASS" missed="1" covered="0"/></class><class name="com/luta2d/AudioManager" sourcefilename="AudioManager.java"><method name="&lt;init&gt;" desc="()V" line="14"><counter type="INSTRUCTION" missed="0" covered="13"/><counter type="LINE" missed="0" covered="5"/><counter type="COMPLEXITY" missed="0" covered="1"/><counter type="METHOD" missed="0" covered="1"/></method><method name="getInstance" desc="()Lcom/luta2d/AudioManager;" line="22"><counter type="INSTRUCTION" missed="0" covered="8"/><counter type="BRANCH" missed="0" covered="2"/><counter type="LINE" missed="0" covered="3"/><counter type="COMPLEXITY" missed="0" covered="2"/><counter type="METHOD" missed="0" covered="1"/></method><method name="loadAudioFiles" desc="()V" line="30"><counter type="INSTRUCTION" missed="0" covered="88"/><counter type="BRANCH" missed="0" covered="2"/><counter type="LINE" missed="0" covered="15"/><counter type="COMPLEXITY" missed="0" covered="2"/><counter type="METHOD" missed="0" covered="1"/></method><method name="playMusic" desc="(Ljava/lang/String;Z)V" line="54"><counter type="INSTRUCTION" missed="13" covered="38"/><counter type="BRANCH" missed="2" covered="4"/><counter type="LINE" missed="4" covered="13"/><counter type="COMPLEXITY" missed="2" covered="2"/><counter type="METHOD" missed="0" covered="1"/></method><method name="playSound" desc="(Ljava/lang/String;)V" line="82"><counter type="INSTRUCTION" missed="39" covered="0"/><counter type="BRANCH" missed="4" covered="0"/><counter type="LINE" missed="14" covered="0"/><counter type="COMPLEXITY" missed="3" covered="0"/><counter type="METHOD" missed="1" covered="0"/></method><method name="stopCurrentMusic" desc="()V" line="103"><counter type="INSTRUCTION" missed="0" covered="17"/><counter type="BRANCH" missed="1" covered="3"/><counter type="LINE" missed="0" covered="5"/><counter type="COMPLEXITY" missed="1" covered="2"/><counter type="METHOD" missed="0" covered="1"/></method><method name="stopCurrentSound" desc="()V" line="111"><counter type="INSTRUCTION" missed="17" covered="0"/><counter type="BRANCH" missed="4" covered="0"/><counter type="LINE" missed="5" covered="0"/><counter type="COMPLEXITY" missed="3" covered="0"/><counter type="METHOD" missed="1" covered="0"/></method><method name="stopAllAudio" desc="()V" line="119"><counter type="INSTRUCTION" missed="5" covered="0"/><counter type="LINE" missed="3" covered="0"/><counter type="COMPLEXITY" missed="1" covered="0"/><counter type="METHOD" missed="1" covered="0"/></method><method name="setMuted" desc="(Z)V" line="124"><counter type="INSTRUCTION" missed="8" covered="0"/><counter type="BRANCH" missed="2" covered="0"/><counter type="LINE" missed="4" covered="0"/><counter type="COMPLEXITY" missed="2" covered="0"/><counter type="METHOD" missed="1" covered="0"/></method><method name="isMuted" desc="()Z" line="131"><counter type="INSTRUCTION" missed="3" covered="0"/><counter type="LINE" missed="1" covered="0"/><counter type="COMPLEXITY" missed="1" covered="0"/><counter type="METHOD" missed="1" covered="0"/></method><method name="toggleMute" desc="()V" line="135"><counter type="INSTRUCTION" missed="9" covered="0"/><counter type="BRANCH" missed="2" covered="0"/><counter type="LINE" missed="2" covered="0"/><counter type="COMPLEXITY" missed="2" covered="0"/><counter type="METHOD" missed="1" covered="0"/></method><method name="playMusicWithCallback" desc="(Ljava/lang/String;ZLjava/lang/Runnable;)V" line="140"><counter type="INSTRUCTION" missed="18" covered="43"/><counter type="BRANCH" missed="5" covered="5"/><counter type="LINE" missed="5" covered="14"/><counter type="COMPLEXITY" missed="5" covered="1"/><counter type="METHOD" missed="0" covered="1"/></method><method name="lambda$playMusicWithCallback$0" desc="(Ljava/lang/Runnable;Ljavax/sound/sampled/LineEvent;)V" line="160"><counter type="INSTRUCTION" missed="10" covered="0"/><counter type="BRANCH" missed="2" covered="0"/><counter type="LINE" missed="4" covered="0"/><counter type="COMPLEXITY" missed="2" covered="0"/><counter type="METHOD" missed="1" covered="0"/></method><counter type="INSTRUCTION" missed="122" covered="207"/><counter type="BRANCH" missed="22" covered="16"/><counter type="LINE" missed="42" covered="55"/><counter type="COMPLEXITY" missed="22" covered="10"/><counter type="METHOD" missed="7" covered="6"/><counter type="CLASS" missed="0" covered="1"/></class><class name="com/luta2d/CharacterSelectionScreen$5" sourcefilename="CharacterSelectionScreen.java"><method name="&lt;init&gt;" desc="(Lcom/luta2d/CharacterSelectionScreen;Lcom/luta2d/GameWindow;)V" line="262"><counter type="INSTRUCTION" missed="9" covered="0"/><counter type="LINE" missed="1" covered="0"/><counter type="COMPLEXITY" missed="1" covered="0"/><counter type="METHOD" missed="1" covered="0"/></method><method name="keyPressed" desc="(Ljava/awt/event/KeyEvent;)V" line="265"><counter type="INSTRUCTION" missed="9" covered="0"/><counter type="BRANCH" missed="2" covered="0"/><counter type="LINE" missed="3" covered="0"/><counter type="COMPLEXITY" missed="2" covered="0"/><counter type="METHOD" missed="1" covered="0"/></method><counter type="INSTRUCTION" missed="18" covered="0"/><counter type="BRANCH" missed="2" covered="0"/><counter type="LINE" missed="4" covered="0"/><counter type="COMPLEXITY" missed="3" covered="0"/><counter type="METHOD" missed="2" covered="0"/><counter type="CLASS" missed="1" covered="0"/></class><class name="com/luta2d/CharacterSelectionScreen$4" sourcefilename="CharacterSelectionScreen.java"><method name="&lt;init&gt;" desc="(Lcom/luta2d/CharacterSelectionScreen;)V" line="247"><counter type="INSTRUCTION" missed="6" covered="0"/><counter type="LINE" missed="1" covered="0"/><counter type="COMPLEXITY" missed="1" covered="0"/><counter type="METHOD" missed="1" covered="0"/></method><method name="componentResized" desc="(Ljava/awt/event/ComponentEvent;)V" line="250"><counter type="INSTRUCTION" missed="33" covered="0"/><counter type="LINE" missed="5" covered="0"/><counter type="COMPLEXITY" missed="1" covered="0"/><counter type="METHOD" missed="1" covered="0"/></method><counter type="INSTRUCTION" missed="39" covered="0"/><counter type="LINE" missed="6" covered="0"/><counter type="COMPLEXITY" missed="2" covered="0"/><counter type="METHOD" missed="2" covered="0"/><counter type="CLASS" missed="1" covered="0"/></class><class name="com/luta2d/CharacterSelectionScreen$7" sourcefilename="CharacterSelectionScreen.java"><method name="&lt;init&gt;" desc="(Lcom/luta2d/CharacterSelectionScreen;)V" line="517"><counter type="INSTRUCTION" missed="6" covered="0"/><counter type="LINE" missed="1" covered="0"/><counter type="COMPLEXITY" missed="1" covered="0"/><counter type="METHOD" missed="1" covered="0"/></method><method name="actionPerformed" desc="(Ljava/awt/event/ActionEvent;)V" line="519"><counter type="INSTRUCTION" missed="36" covered="0"/><counter type="BRANCH" missed="2" covered="0"/><counter type="LINE" missed="8" covered="0"/><counter type="COMPLEXITY" missed="2" covered="0"/><counter type="METHOD" missed="1" covered="0"/></method><counter type="INSTRUCTION" missed="42" covered="0"/><counter type="BRANCH" missed="2" covered="0"/><counter type="LINE" missed="9" covered="0"/><counter type="COMPLEXITY" missed="3" covered="0"/><counter type="METHOD" missed="2" covered="0"/><counter type="CLASS" missed="1" covered="0"/></class><class name="com/luta2d/CharacterSelectionScreen$6" sourcefilename="CharacterSelectionScreen.java"><method name="&lt;init&gt;" desc="(Lcom/luta2d/CharacterSelectionScreen;)V" line="498"><counter type="INSTRUCTION" missed="6" covered="0"/><counter type="LINE" missed="1" covered="0"/><counter type="COMPLEXITY" missed="1" covered="0"/><counter type="METHOD" missed="1" covered="0"/></method><method name="actionPerformed" desc="(Ljava/awt/event/ActionEvent;)V" line="500"><counter type="INSTRUCTION" missed="36" covered="0"/><counter type="BRANCH" missed="2" covered="0"/><counter type="LINE" missed="8" covered="0"/><counter type="COMPLEXITY" missed="2" covered="0"/><counter type="METHOD" missed="1" covered="0"/></method><counter type="INSTRUCTION" missed="42" covered="0"/><counter type="BRANCH" missed="2" covered="0"/><counter type="LINE" missed="9" covered="0"/><counter type="COMPLEXITY" missed="3" covered="0"/><counter type="METHOD" missed="2" covered="0"/><counter type="CLASS" missed="1" covered="0"/></class><class name="com/luta2d/ArenaScreen" sourcefilename="ArenaScreen.java"><method name="&lt;init&gt;" desc="(Lcom/luta2d/GameWindow;Lcom/luta2d/Character;Lcom/luta2d/Character;Ljava/lang/String;)V" line="15"><counter type="INSTRUCTION" missed="8" covered="178"/><counter type="BRANCH" missed="1" covered="1"/><counter type="LINE" missed="1" covered="43"/><counter type="COMPLEXITY" missed="1" covered="1"/><counter type="METHOD" missed="0" covered="1"/></method><method name="paintComponent" desc="(Ljava/awt/Graphics;)V" line="112"><counter type="INSTRUCTION" missed="129" covered="0"/><counter type="BRANCH" missed="4" covered="0"/><counter type="LINE" missed="25" covered="0"/><counter type="COMPLEXITY" missed="3" covered="0"/><counter type="METHOD" missed="1" covered="0"/></method><method name="actionPerformed" desc="(Ljava/awt/event/ActionEvent;)V" line="164"><counter type="INSTRUCTION" missed="101" covered="221"/><counter type="BRANCH" missed="34" covered="22"/><counter type="LINE" missed="5" covered="40"/><counter type="COMPLEXITY" missed="28" covered="1"/><counter type="METHOD" missed="0" covered="1"/></method><method name="keyPressed" desc="(Ljava/awt/event/KeyEvent;)V" line="234"><counter type="INSTRUCTION" missed="8" covered="0"/><counter type="LINE" missed="2" covered="0"/><counter type="COMPLEXITY" missed="1" covered="0"/><counter type="METHOD" missed="1" covered="0"/></method><method name="keyReleased" desc="(Ljava/awt/event/KeyEvent;)V" line="239"><counter type="INSTRUCTION" missed="8" covered="0"/><counter type="LINE" missed="2" covered="0"/><counter type="COMPLEXITY" missed="1" covered="0"/><counter type="METHOD" missed="1" covered="0"/></method><method name="keyTyped" desc="(Ljava/awt/event/KeyEvent;)V" line="243"><counter type="INSTRUCTION" missed="1" covered="0"/><counter type="LINE" missed="1" covered="0"/><counter type="COMPLEXITY" missed="1" covered="0"/><counter type="METHOD" missed="1" covered="0"/></method><method name="drawRoundInfo" desc="(Ljava/awt/Graphics2D;)V" line="246"><counter type="INSTRUCTION" missed="51" covered="0"/><counter type="LINE" missed="10" covered="0"/><counter type="COMPLEXITY" missed="1" covered="0"/><counter type="METHOD" missed="1" covered="0"/></method><method name="drawWinnerMessage" desc="(Ljava/awt/Graphics2D;)V" line="263"><counter type="INSTRUCTION" missed="77" covered="0"/><counter type="LINE" missed="15" covered="0"/><counter type="COMPLEXITY" missed="1" covered="0"/><counter type="METHOD" missed="1" covered="0"/></method><method name="drawRoundWinnerMessage" desc="(Ljava/awt/Graphics2D;)V" line="285"><counter type="INSTRUCTION" missed="79" covered="0"/><counter type="LINE" missed="15" covered="0"/><counter type="COMPLEXITY" missed="1" covered="0"/><counter type="METHOD" missed="1" covered="0"/></method><method name="drawSpecialAttackBar" desc="(Ljava/awt/Graphics2D;IILcom/luta2d/Player;)V" line="306"><counter type="INSTRUCTION" missed="200" covered="0"/><counter type="BRANCH" missed="8" covered="0"/><counter type="LINE" missed="39" covered="0"/><counter type="COMPLEXITY" missed="5" covered="0"/><counter type="METHOD" missed="1" covered="0"/></method><method name="checkRoundEnd" desc="()V" line="374"><counter type="INSTRUCTION" missed="56" covered="9"/><counter type="BRANCH" missed="6" covered="2"/><counter type="LINE" missed="12" covered="2"/><counter type="COMPLEXITY" missed="4" covered="1"/><counter type="METHOD" missed="0" covered="1"/></method><method name="startNewRound" desc="()V" line="408"><counter type="INSTRUCTION" missed="35" covered="0"/><counter type="LINE" missed="10" covered="0"/><counter type="COMPLEXITY" missed="1" covered="0"/><counter type="METHOD" missed="1" covered="0"/></method><method name="endMatch" desc="()V" line="422"><counter type="INSTRUCTION" missed="46" covered="0"/><counter type="BRANCH" missed="2" covered="0"/><counter type="LINE" missed="11" covered="0"/><counter type="COMPLEXITY" missed="2" covered="0"/><counter type="METHOD" missed="1" covered="0"/></method><method name="startGame" desc="()V" line="447"><counter type="INSTRUCTION" missed="4" covered="0"/><counter type="LINE" missed="2" covered="0"/><counter type="COMPLEXITY" missed="1" covered="0"/><counter type="METHOD" missed="1" covered="0"/></method><method name="lambda$endMatch$2" desc="(Ljava/awt/event/ActionEvent;)V" line="438"><counter type="INSTRUCTION" missed="13" covered="0"/><counter type="LINE" missed="3" covered="0"/><counter type="COMPLEXITY" missed="1" covered="0"/><counter type="METHOD" missed="1" covered="0"/></method><method name="lambda$checkRoundEnd$1" desc="(Ljava/awt/event/ActionEvent;)V" line="393"><counter type="INSTRUCTION" missed="17" covered="0"/><counter type="BRANCH" missed="2" covered="0"/><counter type="LINE" missed="6" covered="0"/><counter type="COMPLEXITY" missed="2" covered="0"/><counter type="METHOD" missed="1" covered="0"/></method><method name="lambda$new$0" desc="(Ljava/awt/event/ActionEvent;)V" line="93"><counter type="INSTRUCTION" missed="12" covered="17"/><counter type="BRANCH" missed="1" covered="1"/><counter type="LINE" missed="4" covered="4"/><counter type="COMPLEXITY" missed="1" covered="1"/><counter type="METHOD" missed="0" covered="1"/></method><counter type="INSTRUCTION" missed="845" covered="425"/><counter type="BRANCH" missed="58" covered="26"/><counter type="LINE" missed="163" covered="89"/><counter type="COMPLEXITY" missed="55" covered="4"/><counter type="METHOD" missed="13" covered="4"/><counter type="CLASS" missed="0" covered="1"/></class><class name="com/luta2d/CharacterSelectionScreen$9" sourcefilename="CharacterSelectionScreen.java"><method name="&lt;init&gt;" desc="(Lcom/luta2d/CharacterSelectionScreen;)V" line="590"><counter type="INSTRUCTION" missed="6" covered="0"/><counter type="LINE" missed="1" covered="0"/><counter type="COMPLEXITY" missed="1" covered="0"/><counter type="METHOD" missed="1" covered="0"/></method><method name="actionPerformed" desc="(Ljava/awt/event/ActionEvent;)V" line="593"><counter type="INSTRUCTION" missed="25" covered="0"/><counter type="BRANCH" missed="2" covered="0"/><counter type="LINE" missed="6" covered="0"/><counter type="COMPLEXITY" missed="2" covered="0"/><counter type="METHOD" missed="1" covered="0"/></method><counter type="INSTRUCTION" missed="31" covered="0"/><counter type="BRANCH" missed="2" covered="0"/><counter type="LINE" missed="7" covered="0"/><counter type="COMPLEXITY" missed="3" covered="0"/><counter type="METHOD" missed="2" covered="0"/><counter type="CLASS" missed="1" covered="0"/></class><class name="com/luta2d/CharacterSelectionScreen$8" sourcefilename="CharacterSelectionScreen.java"><method name="&lt;init&gt;" desc="(Lcom/luta2d/CharacterSelectionScreen;)V" line="560"><counter type="INSTRUCTION" missed="9" covered="0"/><counter type="LINE" missed="2" covered="0"/><counter type="COMPLEXITY" missed="1" covered="0"/><counter type="METHOD" missed="1" covered="0"/></method><method name="actionPerformed" desc="(Ljava/awt/event/ActionEvent;)V" line="565"><counter type="INSTRUCTION" missed="65" covered="0"/><counter type="BRANCH" missed="10" covered="0"/><counter type="LINE" missed="12" covered="0"/><counter type="COMPLEXITY" missed="6" covered="0"/><counter type="METHOD" missed="1" covered="0"/></method><counter type="INSTRUCTION" missed="74" covered="0"/><counter type="BRANCH" missed="10" covered="0"/><counter type="LINE" missed="14" covered="0"/><counter type="COMPLEXITY" missed="7" covered="0"/><counter type="METHOD" missed="2" covered="0"/><counter type="CLASS" missed="1" covered="0"/></class><class name="com/luta2d/Player$DamageNumber" sourcefilename="Player.java"><method name="&lt;init&gt;" desc="(IIIZ)V" line="110"><counter type="INSTRUCTION" missed="39" covered="0"/><counter type="BRANCH" missed="2" covered="0"/><counter type="LINE" missed="11" covered="0"/><counter type="COMPLEXITY" missed="2" covered="0"/><counter type="METHOD" missed="1" covered="0"/></method><method name="update" desc="()V" line="125"><counter type="INSTRUCTION" missed="31" covered="0"/><counter type="BRANCH" missed="2" covered="0"/><counter type="LINE" missed="6" covered="0"/><counter type="COMPLEXITY" missed="2" covered="0"/><counter type="METHOD" missed="1" covered="0"/></method><counter type="INSTRUCTION" missed="70" covered="0"/><counter type="BRANCH" missed="4" covered="0"/><counter type="LINE" missed="17" covered="0"/><counter type="COMPLEXITY" missed="4" covered="0"/><counter type="METHOD" missed="2" covered="0"/><counter type="CLASS" missed="1" covered="0"/></class><class name="com/luta2d/Player$Projectile" sourcefilename="Player.java"><method name="&lt;init&gt;" desc="(IIZ)V" line="138"><counter type="INSTRUCTION" missed="33" covered="0"/><counter type="LINE" missed="11" covered="0"/><counter type="COMPLEXITY" missed="1" covered="0"/><counter type="METHOD" missed="1" covered="0"/></method><method name="update" desc="()V" line="154"><counter type="INSTRUCTION" missed="33" covered="0"/><counter type="BRANCH" missed="6" covered="0"/><counter type="LINE" missed="7" covered="0"/><counter type="COMPLEXITY" missed="4" covered="0"/><counter type="METHOD" missed="1" covered="0"/></method><method name="isCollidingWith" desc="(Lcom/luta2d/Player;)Z" line="170"><counter type="INSTRUCTION" missed="64" covered="0"/><counter type="BRANCH" missed="10" covered="0"/><counter type="LINE" missed="13" covered="0"/><counter type="COMPLEXITY" missed="6" covered="0"/><counter type="METHOD" missed="1" covered="0"/></method><counter type="INSTRUCTION" missed="130" covered="0"/><counter type="BRANCH" missed="16" covered="0"/><counter type="LINE" missed="31" covered="0"/><counter type="COMPLEXITY" missed="11" covered="0"/><counter type="METHOD" missed="3" covered="0"/><counter type="CLASS" missed="1" covered="0"/></class><class name="com/luta2d/Character" sourcefilename="Character.java"><method name="&lt;init&gt;" desc="(Ljava/lang/String;I)V" line="14"><counter type="INSTRUCTION" missed="0" covered="27"/><counter type="LINE" missed="0" covered="10"/><counter type="COMPLEXITY" missed="0" covered="1"/><counter type="METHOD" missed="0" covered="1"/></method><method name="getName" desc="()Ljava/lang/String;" line="27"><counter type="INSTRUCTION" missed="0" covered="3"/><counter type="LINE" missed="0" covered="1"/><counter type="COMPLEXITY" missed="0" covered="1"/><counter type="METHOD" missed="0" covered="1"/></method><method name="setName" desc="(Ljava/lang/String;)V" line="32"><counter type="INSTRUCTION" missed="0" covered="4"/><counter type="LINE" missed="0" covered="2"/><counter type="COMPLEXITY" missed="0" covered="1"/><counter type="METHOD" missed="0" covered="1"/></method><method name="getId" desc="()I" line="37"><counter type="INSTRUCTION" missed="0" covered="3"/><counter type="LINE" missed="0" covered="1"/><counter type="COMPLEXITY" missed="0" covered="1"/><counter type="METHOD" missed="0" covered="1"/></method><method name="setId" desc="(I)V" line="42"><counter type="INSTRUCTION" missed="0" covered="4"/><counter type="LINE" missed="0" covered="2"/><counter type="COMPLEXITY" missed="0" covered="1"/><counter type="METHOD" missed="0" covered="1"/></method><method name="getHealth" desc="()I" line="47"><counter type="INSTRUCTION" missed="0" covered="3"/><counter type="LINE" missed="0" covered="1"/><counter type="COMPLEXITY" missed="0" covered="1"/><counter type="METHOD" missed="0" covered="1"/></method><method name="takeDamage" desc="(I)V" line="52"><counter type="INSTRUCTION" missed="0" covered="13"/><counter type="BRANCH" missed="0" covered="2"/><counter type="LINE" missed="0" covered="4"/><counter type="COMPLEXITY" missed="0" covered="2"/><counter type="METHOD" missed="0" covered="1"/></method><method name="restoreHealth" desc="()V" line="60"><counter type="INSTRUCTION" missed="0" covered="4"/><counter type="LINE" missed="0" covered="2"/><counter type="COMPLEXITY" missed="0" covered="1"/><counter type="METHOD" missed="0" covered="1"/></method><method name="attack" desc="(Lcom/luta2d/Character;)V" line="65"><counter type="INSTRUCTION" missed="0" covered="6"/><counter type="LINE" missed="0" covered="2"/><counter type="COMPLEXITY" missed="0" covered="1"/><counter type="METHOD" missed="0" covered="1"/></method><method name="getAttackDamage" desc="()D" line="70"><counter type="INSTRUCTION" missed="0" covered="3"/><counter type="LINE" missed="0" covered="1"/><counter type="COMPLEXITY" missed="0" covered="1"/><counter type="METHOD" missed="0" covered="1"/></method><method name="setAttackDamage" desc="(D)V" line="75"><counter type="INSTRUCTION" missed="0" covered="4"/><counter type="LINE" missed="0" covered="2"/><counter type="COMPLEXITY" missed="0" covered="1"/><counter type="METHOD" missed="0" covered="1"/></method><method name="getMoveSpeed" desc="()I" line="80"><counter type="INSTRUCTION" missed="0" covered="3"/><counter type="LINE" missed="0" covered="1"/><counter type="COMPLEXITY" missed="0" covered="1"/><counter type="METHOD" missed="0" covered="1"/></method><method name="setMoveSpeed" desc="(I)V" line="84"><counter type="INSTRUCTION" missed="0" covered="4"/><counter type="LINE" missed="0" covered="2"/><counter type="COMPLEXITY" missed="0" covered="1"/><counter type="METHOD" missed="0" covered="1"/></method><method name="getJumpHeight" desc="()I" line="88"><counter type="INSTRUCTION" missed="0" covered="3"/><counter type="LINE" missed="0" covered="1"/><counter type="COMPLEXITY" missed="0" covered="1"/><counter type="METHOD" missed="0" covered="1"/></method><method name="setJumpHeight" desc="(I)V" line="92"><counter type="INSTRUCTION" missed="0" covered="4"/><counter type="LINE" missed="0" covered="2"/><counter type="COMPLEXITY" missed="0" covered="1"/><counter type="METHOD" missed="0" covered="1"/></method><method name="getAttackRange" desc="()I" line="96"><counter type="INSTRUCTION" missed="0" covered="3"/><counter type="LINE" missed="0" covered="1"/><counter type="COMPLEXITY" missed="0" covered="1"/><counter type="METHOD" missed="0" covered="1"/></method><method name="setAttackRange" desc="(I)V" line="100"><counter type="INSTRUCTION" missed="0" covered="4"/><counter type="LINE" missed="0" covered="2"/><counter type="COMPLEXITY" missed="0" covered="1"/><counter type="METHOD" missed="0" covered="1"/></method><method name="getBlockReduction" desc="()D" line="104"><counter type="INSTRUCTION" missed="0" covered="3"/><counter type="LINE" missed="0" covered="1"/><counter type="COMPLEXITY" missed="0" covered="1"/><counter type="METHOD" missed="0" covered="1"/></method><method name="setBlockReduction" desc="(D)V" line="108"><counter type="INSTRUCTION" missed="0" covered="4"/><counter type="LINE" missed="0" covered="2"/><counter type="COMPLEXITY" missed="0" covered="1"/><counter type="METHOD" missed="0" covered="1"/></method><method name="getPunchDamage" desc="()D" line="113"><counter type="INSTRUCTION" missed="0" covered="5"/><counter type="LINE" missed="0" covered="1"/><counter type="COMPLEXITY" missed="0" covered="1"/><counter type="METHOD" missed="0" covered="1"/></method><method name="getKickDamage" desc="()D" line="117"><counter type="INSTRUCTION" missed="0" covered="5"/><counter type="LINE" missed="0" covered="1"/><counter type="COMPLEXITY" missed="0" covered="1"/><counter type="METHOD" missed="0" covered="1"/></method><method name="getSpecialAttackDamage" desc="()D" line="121"><counter type="INSTRUCTION" missed="0" covered="5"/><counter type="LINE" missed="0" covered="1"/><counter type="COMPLEXITY" missed="0" covered="1"/><counter type="METHOD" missed="0" covered="1"/></method><method name="getUltimateDamage" desc="()D" line="125"><counter type="INSTRUCTION" missed="0" covered="5"/><counter type="LINE" missed="0" covered="1"/><counter type="COMPLEXITY" missed="0" covered="1"/><counter type="METHOD" missed="0" covered="1"/></method><counter type="INSTRUCTION" missed="0" covered="122"/><counter type="BRANCH" missed="0" covered="2"/><counter type="LINE" missed="0" covered="44"/><counter type="COMPLEXITY" missed="0" covered="24"/><counter type="METHOD" missed="0" covered="23"/><counter type="CLASS" missed="0" covered="1"/></class><class name="com/luta2d/CharacterSelectionScreen$1" sourcefilename="CharacterSelectionScreen.java"><method name="&lt;init&gt;" desc="(Lcom/luta2d/CharacterSelectionScreen;Lcom/luta2d/CharacterSelectionScreen$CharacterButton;)V" line="153"><counter type="INSTRUCTION" missed="9" covered="0"/><counter type="LINE" missed="1" covered="0"/><counter type="COMPLEXITY" missed="1" covered="0"/><counter type="METHOD" missed="1" covered="0"/></method><method name="mouseClicked" desc="(Ljava/awt/event/MouseEvent;)V" line="156"><counter type="INSTRUCTION" missed="71" covered="0"/><counter type="BRANCH" missed="10" covered="0"/><counter type="LINE" missed="10" covered="0"/><counter type="COMPLEXITY" missed="6" covered="0"/><counter type="METHOD" missed="1" covered="0"/></method><method name="mouseEntered" desc="(Ljava/awt/event/MouseEvent;)V" line="170"><counter type="INSTRUCTION" missed="55" covered="0"/><counter type="BRANCH" missed="12" covered="0"/><counter type="LINE" missed="6" covered="0"/><counter type="COMPLEXITY" missed="7" covered="0"/><counter type="METHOD" missed="1" covered="0"/></method><method name="mouseExited" desc="(Ljava/awt/event/MouseEvent;)V" line="181"><counter type="INSTRUCTION" missed="47" covered="0"/><counter type="BRANCH" missed="12" covered="0"/><counter type="LINE" missed="6" covered="0"/><counter type="COMPLEXITY" missed="7" covered="0"/><counter type="METHOD" missed="1" covered="0"/></method><counter type="INSTRUCTION" missed="182" covered="0"/><counter type="BRANCH" missed="34" covered="0"/><counter type="LINE" missed="23" covered="0"/><counter type="COMPLEXITY" missed="21" covered="0"/><counter type="METHOD" missed="4" covered="0"/><counter type="CLASS" missed="1" covered="0"/></class><class name="com/luta2d/ArenaSelectionScreen" sourcefilename="ArenaSelectionScreen.java"><method name="&lt;init&gt;" desc="(Lcom/luta2d/GameWindow;Lcom/luta2d/Character;Lcom/luta2d/Character;)V" line="14"><counter type="INSTRUCTION" missed="379" covered="0"/><counter type="BRANCH" missed="8" covered="0"/><counter type="LINE" missed="68" covered="0"/><counter type="COMPLEXITY" missed="5" covered="0"/><counter type="METHOD" missed="1" covered="0"/></method><method name="removeNotify" desc="()V" line="154"><counter type="INSTRUCTION" missed="3" covered="0"/><counter type="LINE" missed="2" covered="0"/><counter type="COMPLEXITY" missed="1" covered="0"/><counter type="METHOD" missed="1" covered="0"/></method><method name="startCountdown" desc="()V" line="158"><counter type="INSTRUCTION" missed="25" covered="0"/><counter type="LINE" missed="6" covered="0"/><counter type="COMPLEXITY" missed="1" covered="0"/><counter type="METHOD" missed="1" covered="0"/></method><method name="startFight" desc="()V" line="176"><counter type="INSTRUCTION" missed="22" covered="0"/><counter type="BRANCH" missed="2" covered="0"/><counter type="LINE" missed="4" covered="0"/><counter type="COMPLEXITY" missed="2" covered="0"/><counter type="METHOD" missed="1" covered="0"/></method><method name="paintComponent" desc="(Ljava/awt/Graphics;)V" line="183"><counter type="INSTRUCTION" missed="19" covered="0"/><counter type="BRANCH" missed="2" covered="0"/><counter type="LINE" missed="4" covered="0"/><counter type="COMPLEXITY" missed="2" covered="0"/><counter type="METHOD" missed="1" covered="0"/></method><method name="actionPerformed" desc="(Ljava/awt/event/ActionEvent;)V" line="192"><counter type="INSTRUCTION" missed="1" covered="0"/><counter type="LINE" missed="1" covered="0"/><counter type="COMPLEXITY" missed="1" covered="0"/><counter type="METHOD" missed="1" covered="0"/></method><method name="lambda$startCountdown$0" desc="(Ljava/awt/event/ActionEvent;)V" line="163"><counter type="INSTRUCTION" missed="26" covered="0"/><counter type="BRANCH" missed="2" covered="0"/><counter type="LINE" missed="7" covered="0"/><counter type="COMPLEXITY" missed="2" covered="0"/><counter type="METHOD" missed="1" covered="0"/></method><counter type="INSTRUCTION" missed="475" covered="0"/><counter type="BRANCH" missed="14" covered="0"/><counter type="LINE" missed="92" covered="0"/><counter type="COMPLEXITY" missed="14" covered="0"/><counter type="METHOD" missed="7" covered="0"/><counter type="CLASS" missed="1" covered="0"/></class><class name="com/luta2d/CharacterSelectionScreen$3" sourcefilename="CharacterSelectionScreen.java"><method name="&lt;init&gt;" desc="(Lcom/luta2d/CharacterSelectionScreen;)V" line="217"><counter type="INSTRUCTION" missed="6" covered="0"/><counter type="LINE" missed="1" covered="0"/><counter type="COMPLEXITY" missed="1" covered="0"/><counter type="METHOD" missed="1" covered="0"/></method><method name="paintComponent" desc="(Ljava/awt/Graphics;)V" line="220"><counter type="INSTRUCTION" missed="83" covered="0"/><counter type="BRANCH" missed="6" covered="0"/><counter type="LINE" missed="15" covered="0"/><counter type="COMPLEXITY" missed="4" covered="0"/><counter type="METHOD" missed="1" covered="0"/></method><counter type="INSTRUCTION" missed="89" covered="0"/><counter type="BRANCH" missed="6" covered="0"/><counter type="LINE" missed="16" covered="0"/><counter type="COMPLEXITY" missed="5" covered="0"/><counter type="METHOD" missed="2" covered="0"/><counter type="CLASS" missed="1" covered="0"/></class><class name="com/luta2d/CharacterSelectionScreen$2" sourcefilename="CharacterSelectionScreen.java"><method name="&lt;init&gt;" desc="(Lcom/luta2d/CharacterSelectionScreen;)V" line="195"><counter type="INSTRUCTION" missed="6" covered="0"/><counter type="LINE" missed="1" covered="0"/><counter type="COMPLEXITY" missed="1" covered="0"/><counter type="METHOD" missed="1" covered="0"/></method><method name="paintComponent" desc="(Ljava/awt/Graphics;)V" line="198"><counter type="INSTRUCTION" missed="85" covered="0"/><counter type="BRANCH" missed="6" covered="0"/><counter type="LINE" missed="15" covered="0"/><counter type="COMPLEXITY" missed="4" covered="0"/><counter type="METHOD" missed="1" covered="0"/></method><counter type="INSTRUCTION" missed="91" covered="0"/><counter type="BRANCH" missed="6" covered="0"/><counter type="LINE" missed="16" covered="0"/><counter type="COMPLEXITY" missed="5" covered="0"/><counter type="METHOD" missed="2" covered="0"/><counter type="CLASS" missed="1" covered="0"/></class><class name="com/luta2d/CreditsScreen" sourcefilename="CreditsScreen.java"><method name="&lt;init&gt;" desc="(Lcom/luta2d/GameWindow;)V" line="13"><counter type="INSTRUCTION" missed="55" covered="0"/><counter type="BRANCH" missed="2" covered="0"/><counter type="LINE" missed="13" covered="0"/><counter type="COMPLEXITY" missed="2" covered="0"/><counter type="METHOD" missed="1" covered="0"/></method><method name="addNotify" desc="()V" line="41"><counter type="INSTRUCTION" missed="11" covered="0"/><counter type="BRANCH" missed="2" covered="0"/><counter type="LINE" missed="4" covered="0"/><counter type="COMPLEXITY" missed="2" covered="0"/><counter type="METHOD" missed="1" covered="0"/></method><method name="paintComponent" desc="(Ljava/awt/Graphics;)V" line="52"><counter type="INSTRUCTION" missed="15" covered="0"/><counter type="LINE" missed="5" covered="0"/><counter type="COMPLEXITY" missed="1" covered="0"/><counter type="METHOD" missed="1" covered="0"/></method><method name="removeNotify" desc="()V" line="62"><counter type="INSTRUCTION" missed="16" covered="0"/><counter type="BRANCH" missed="2" covered="0"/><counter type="LINE" missed="7" covered="0"/><counter type="COMPLEXITY" missed="2" covered="0"/><counter type="METHOD" missed="1" covered="0"/></method><method name="lambda$addNotify$1" desc="()V" line="45"><counter type="INSTRUCTION" missed="4" covered="0"/><counter type="LINE" missed="2" covered="0"/><counter type="COMPLEXITY" missed="1" covered="0"/><counter type="METHOD" missed="1" covered="0"/></method><method name="lambda$addNotify$0" desc="()V" line="45"><counter type="INSTRUCTION" missed="9" covered="0"/><counter type="LINE" missed="1" covered="0"/><counter type="COMPLEXITY" missed="1" covered="0"/><counter type="METHOD" missed="1" covered="0"/></method><counter type="INSTRUCTION" missed="110" covered="0"/><counter type="BRANCH" missed="6" covered="0"/><counter type="LINE" missed="31" covered="0"/><counter type="COMPLEXITY" missed="9" covered="0"/><counter type="METHOD" missed="6" covered="0"/><counter type="CLASS" missed="1" covered="0"/></class><class name="com/luta2d/Player$GiovanaClone" sourcefilename="Player.java"><method name="&lt;init&gt;" desc="(IIZ)V" line="393"><counter type="INSTRUCTION" missed="18" covered="0"/><counter type="LINE" missed="7" covered="0"/><counter type="COMPLEXITY" missed="1" covered="0"/><counter type="METHOD" missed="1" covered="0"/></method><method name="getAlpha" desc="()F" line="402"><counter type="INSTRUCTION" missed="18" covered="0"/><counter type="BRANCH" missed="2" covered="0"/><counter type="LINE" missed="3" covered="0"/><counter type="COMPLEXITY" missed="2" covered="0"/><counter type="METHOD" missed="1" covered="0"/></method><method name="isAlive" desc="()Z" line="407"><counter type="INSTRUCTION" missed="11" covered="0"/><counter type="BRANCH" missed="2" covered="0"/><counter type="LINE" missed="1" covered="0"/><counter type="COMPLEXITY" missed="2" covered="0"/><counter type="METHOD" missed="1" covered="0"/></method><counter type="INSTRUCTION" missed="47" covered="0"/><counter type="BRANCH" missed="4" covered="0"/><counter type="LINE" missed="11" covered="0"/><counter type="COMPLEXITY" missed="5" covered="0"/><counter type="METHOD" missed="3" covered="0"/><counter type="CLASS" missed="1" covered="0"/></class><class name="com/luta2d/Player$Animation" sourcefilename="Player.java"><method name="&lt;init&gt;" desc="(Lcom/luta2d/Player;)V" line="62"><counter type="INSTRUCTION" missed="0" covered="6"/><counter type="LINE" missed="0" covered="1"/><counter type="COMPLEXITY" missed="0" covered="1"/><counter type="METHOD" missed="0" covered="1"/></method><counter type="INSTRUCTION" missed="0" covered="6"/><counter type="LINE" missed="0" covered="1"/><counter type="COMPLEXITY" missed="0" covered="1"/><counter type="METHOD" missed="0" covered="1"/><counter type="CLASS" missed="0" covered="1"/></class><class name="com/luta2d/Main" sourcefilename="Main.java"><method name="&lt;init&gt;" desc="()V" line="3"><counter type="INSTRUCTION" missed="3" covered="0"/><counter type="LINE" missed="1" covered="0"/><counter type="COMPLEXITY" missed="1" covered="0"/><counter type="METHOD" missed="1" covered="0"/></method><method name="main" desc="([Ljava/lang/String;)V" line="5"><counter type="INSTRUCTION" missed="5" covered="0"/><counter type="LINE" missed="2" covered="0"/><counter type="COMPLEXITY" missed="1" covered="0"/><counter type="METHOD" missed="1" covered="0"/></method><counter type="INSTRUCTION" missed="8" covered="0"/><counter type="LINE" missed="3" covered="0"/><counter type="COMPLEXITY" missed="2" covered="0"/><counter type="METHOD" missed="2" covered="0"/><counter type="CLASS" missed="1" covered="0"/></class><class name="com/luta2d/ArenaSelectionScreen$1" sourcefilename="ArenaSelectionScreen.java"><method name="&lt;init&gt;" desc="(Lcom/luta2d/ArenaSelectionScreen;Lcom/luta2d/ArenaSelectionScreen$ArenaButton;)V" line="118"><counter type="INSTRUCTION" missed="9" covered="0"/><counter type="LINE" missed="1" covered="0"/><counter type="COMPLEXITY" missed="1" covered="0"/><counter type="METHOD" missed="1" covered="0"/></method><method name="mouseClicked" desc="(Ljava/awt/event/MouseEvent;)V" line="121"><counter type="INSTRUCTION" missed="14" covered="0"/><counter type="LINE" missed="4" covered="0"/><counter type="COMPLEXITY" missed="1" covered="0"/><counter type="METHOD" missed="1" covered="0"/></method><method name="mouseEntered" desc="(Ljava/awt/event/MouseEvent;)V" line="128"><counter type="INSTRUCTION" missed="9" covered="0"/><counter type="BRANCH" missed="2" covered="0"/><counter type="LINE" missed="3" covered="0"/><counter type="COMPLEXITY" missed="2" covered="0"/><counter type="METHOD" missed="1" covered="0"/></method><method name="mouseExited" desc="(Ljava/awt/event/MouseEvent;)V" line="135"><counter type="INSTRUCTION" missed="5" covered="0"/><counter type="LINE" missed="2" covered="0"/><counter type="COMPLEXITY" missed="1" covered="0"/><counter type="METHOD" missed="1" covered="0"/></method><counter type="INSTRUCTION" missed="37" covered="0"/><counter type="BRANCH" missed="2" covered="0"/><counter type="LINE" missed="10" covered="0"/><counter type="COMPLEXITY" missed="5" covered="0"/><counter type="METHOD" missed="4" covered="0"/><counter type="CLASS" missed="1" covered="0"/></class><class name="com/luta2d/MenuScreen$1" sourcefilename="MenuScreen.java"><method name="&lt;init&gt;" desc="(Lcom/luta2d/MenuScreen;Lcom/luta2d/GameWindow;)V" line="101"><counter type="INSTRUCTION" missed="0" covered="9"/><counter type="LINE" missed="0" covered="1"/><counter type="COMPLEXITY" missed="0" covered="1"/><counter type="METHOD" missed="0" covered="1"/></method><method name="keyPressed" desc="(Ljava/awt/event/KeyEvent;)V" line="104"><counter type="INSTRUCTION" missed="9" covered="0"/><counter type="BRANCH" missed="2" covered="0"/><counter type="LINE" missed="3" covered="0"/><counter type="COMPLEXITY" missed="2" covered="0"/><counter type="METHOD" missed="1" covered="0"/></method><counter type="INSTRUCTION" missed="9" covered="9"/><counter type="BRANCH" missed="2" covered="0"/><counter type="LINE" missed="3" covered="1"/><counter type="COMPLEXITY" missed="2" covered="1"/><counter type="METHOD" missed="1" covered="1"/><counter type="CLASS" missed="0" covered="1"/></class><class name="com/luta2d/Player$BloodEffect" sourcefilename="Player.java"><method name="&lt;init&gt;" desc="(IILjava/awt/image/BufferedImage;III)V" line="79"><counter type="INSTRUCTION" missed="33" covered="0"/><counter type="LINE" missed="12" covered="0"/><counter type="COMPLEXITY" missed="1" covered="0"/><counter type="METHOD" missed="1" covered="0"/></method><counter type="INSTRUCTION" missed="33" covered="0"/><counter type="LINE" missed="12" covered="0"/><counter type="COMPLEXITY" missed="1" covered="0"/><counter type="METHOD" missed="1" covered="0"/><counter type="CLASS" missed="1" covered="0"/></class><class name="com/luta2d/Player$BearEffect" sourcefilename="Player.java"><method name="&lt;init&gt;" desc="(II)V" line="263"><counter type="INSTRUCTION" missed="43" covered="0"/><counter type="LINE" missed="12" covered="0"/><counter type="COMPLEXITY" missed="1" covered="0"/><counter type="METHOD" missed="1" covered="0"/></method><method name="update" desc="()V" line="281"><counter type="INSTRUCTION" missed="54" covered="0"/><counter type="BRANCH" missed="8" covered="0"/><counter type="LINE" missed="11" covered="0"/><counter type="COMPLEXITY" missed="5" covered="0"/><counter type="METHOD" missed="1" covered="0"/></method><method name="isCollidingWith" desc="(Lcom/luta2d/Player;)Z" line="302"><counter type="INSTRUCTION" missed="80" covered="0"/><counter type="BRANCH" missed="12" covered="0"/><counter type="LINE" missed="13" covered="0"/><counter type="COMPLEXITY" missed="7" covered="0"/><counter type="METHOD" missed="1" covered="0"/></method><counter type="INSTRUCTION" missed="177" covered="0"/><counter type="BRANCH" missed="20" covered="0"/><counter type="LINE" missed="36" covered="0"/><counter type="COMPLEXITY" missed="13" covered="0"/><counter type="METHOD" missed="3" covered="0"/><counter type="CLASS" missed="1" covered="0"/></class><class name="com/luta2d/ArenaSelectionScreen$2" sourcefilename="ArenaSelectionScreen.java"><method name="&lt;init&gt;" desc="(Lcom/luta2d/ArenaSelectionScreen;Lcom/luta2d/GameWindow;)V" line="142"><counter type="INSTRUCTION" missed="9" covered="0"/><counter type="LINE" missed="1" covered="0"/><counter type="COMPLEXITY" missed="1" covered="0"/><counter type="METHOD" missed="1" covered="0"/></method><method name="keyPressed" desc="(Ljava/awt/event/KeyEvent;)V" line="145"><counter type="INSTRUCTION" missed="13" covered="0"/><counter type="BRANCH" missed="2" covered="0"/><counter type="LINE" missed="3" covered="0"/><counter type="COMPLEXITY" missed="2" covered="0"/><counter type="METHOD" missed="1" covered="0"/></method><counter type="INSTRUCTION" missed="22" covered="0"/><counter type="BRANCH" missed="2" covered="0"/><counter type="LINE" missed="4" covered="0"/><counter type="COMPLEXITY" missed="3" covered="0"/><counter type="METHOD" missed="2" covered="0"/><counter type="CLASS" missed="1" covered="0"/></class><class name="com/luta2d/CharacterSelectionScreen" sourcefilename="CharacterSelectionScreen.java"><method name="&lt;init&gt;" desc="(Lcom/luta2d/GameWindow;)V" line="14"><counter type="INSTRUCTION" missed="478" covered="0"/><counter type="BRANCH" missed="10" covered="0"/><counter type="LINE" missed="94" covered="0"/><counter type="COMPLEXITY" missed="6" covered="0"/><counter type="METHOD" missed="1" covered="0"/></method><method name="removeNotify" desc="()V" line="274"><counter type="INSTRUCTION" missed="3" covered="0"/><counter type="LINE" missed="2" covered="0"/><counter type="COMPLEXITY" missed="1" covered="0"/><counter type="METHOD" missed="1" covered="0"/></method><method name="doLayout" desc="()V" line="279"><counter type="INSTRUCTION" missed="5" covered="0"/><counter type="LINE" missed="3" covered="0"/><counter type="COMPLEXITY" missed="1" covered="0"/><counter type="METHOD" missed="1" covered="0"/></method><method name="repositionCharacterButtons" desc="()V" line="284"><counter type="INSTRUCTION" missed="70" covered="0"/><counter type="BRANCH" missed="2" covered="0"/><counter type="LINE" missed="15" covered="0"/><counter type="COMPLEXITY" missed="2" covered="0"/><counter type="METHOD" missed="1" covered="0"/></method><method name="showSelectionMessage" desc="(Ljava/lang/String;)V" line="306"><counter type="INSTRUCTION" missed="6" covered="0"/><counter type="LINE" missed="2" covered="0"/><counter type="COMPLEXITY" missed="1" covered="0"/><counter type="METHOD" missed="1" covered="0"/></method><method name="showConfirmationDialog" desc="()V" line="310"><counter type="INSTRUCTION" missed="48" covered="0"/><counter type="BRANCH" missed="4" covered="0"/><counter type="LINE" missed="12" covered="0"/><counter type="COMPLEXITY" missed="3" covered="0"/><counter type="METHOD" missed="1" covered="0"/></method><method name="startCountdown" desc="()V" line="333"><counter type="INSTRUCTION" missed="23" covered="0"/><counter type="BRANCH" missed="2" covered="0"/><counter type="LINE" missed="7" covered="0"/><counter type="COMPLEXITY" missed="2" covered="0"/><counter type="METHOD" missed="1" covered="0"/></method><method name="startFight" desc="()V" line="351"><counter type="INSTRUCTION" missed="13" covered="0"/><counter type="LINE" missed="2" covered="0"/><counter type="COMPLEXITY" missed="1" covered="0"/><counter type="METHOD" missed="1" covered="0"/></method><method name="paintComponent" desc="(Ljava/awt/Graphics;)V" line="356"><counter type="INSTRUCTION" missed="66" covered="0"/><counter type="BRANCH" missed="6" covered="0"/><counter type="LINE" missed="12" covered="0"/><counter type="COMPLEXITY" missed="4" covered="0"/><counter type="METHOD" missed="1" covered="0"/></method><method name="actionPerformed" desc="(Ljava/awt/event/ActionEvent;)V" line="380"><counter type="INSTRUCTION" missed="1" covered="0"/><counter type="LINE" missed="1" covered="0"/><counter type="COMPLEXITY" missed="1" covered="0"/><counter type="METHOD" missed="1" covered="0"/></method><method name="startFadePhoto" desc="(ILjava/lang/String;)V" line="492"><counter type="INSTRUCTION" missed="89" covered="0"/><counter type="BRANCH" missed="18" covered="0"/><counter type="LINE" missed="17" covered="0"/><counter type="COMPLEXITY" missed="10" covered="0"/><counter type="METHOD" missed="1" covered="0"/></method><method name="setBigPhoto" desc="(ILjava/lang/String;)V" line="534"><counter type="INSTRUCTION" missed="33" covered="0"/><counter type="BRANCH" missed="2" covered="0"/><counter type="LINE" missed="10" covered="0"/><counter type="COMPLEXITY" missed="2" covered="0"/><counter type="METHOD" missed="1" covered="0"/></method><method name="loadBigPhoto" desc="(Ljava/lang/String;)Ljavax/swing/ImageIcon;" line="550"><counter type="INSTRUCTION" missed="19" covered="0"/><counter type="BRANCH" missed="2" covered="0"/><counter type="LINE" missed="5" covered="0"/><counter type="COMPLEXITY" missed="2" covered="0"/><counter type="METHOD" missed="1" covered="0"/></method><method name="hideIconsSmoothly" desc="()V" line="560"><counter type="INSTRUCTION" missed="12" covered="0"/><counter type="LINE" missed="3" covered="0"/><counter type="COMPLEXITY" missed="1" covered="0"/><counter type="METHOD" missed="1" covered="0"/></method><method name="startBackgroundTransition" desc="()V" line="590"><counter type="INSTRUCTION" missed="14" covered="0"/><counter type="LINE" missed="3" covered="0"/><counter type="COMPLEXITY" missed="1" covered="0"/><counter type="METHOD" missed="1" covered="0"/></method><method name="lambda$startCountdown$0" desc="(Ljava/awt/event/ActionEvent;)V" line="344"><counter type="INSTRUCTION" missed="6" covered="0"/><counter type="LINE" missed="3" covered="0"/><counter type="COMPLEXITY" missed="1" covered="0"/><counter type="METHOD" missed="1" covered="0"/></method><counter type="INSTRUCTION" missed="886" covered="0"/><counter type="BRANCH" missed="46" covered="0"/><counter type="LINE" missed="191" covered="0"/><counter type="COMPLEXITY" missed="39" covered="0"/><counter type="METHOD" missed="16" covered="0"/><counter type="CLASS" missed="1" covered="0"/></class><class name="com/luta2d/CreditsScreen$1" sourcefilename="CreditsScreen.java"><method name="&lt;init&gt;" desc="(Lcom/luta2d/CreditsScreen;Lcom/luta2d/GameWindow;)V" line="29"><counter type="INSTRUCTION" missed="9" covered="0"/><counter type="LINE" missed="1" covered="0"/><counter type="COMPLEXITY" missed="1" covered="0"/><counter type="METHOD" missed="1" covered="0"/></method><method name="keyPressed" desc="(Ljava/awt/event/KeyEvent;)V" line="32"><counter type="INSTRUCTION" missed="13" covered="0"/><counter type="BRANCH" missed="2" covered="0"/><counter type="LINE" missed="3" covered="0"/><counter type="COMPLEXITY" missed="2" covered="0"/><counter type="METHOD" missed="1" covered="0"/></method><counter type="INSTRUCTION" missed="22" covered="0"/><counter type="BRANCH" missed="2" covered="0"/><counter type="LINE" missed="4" covered="0"/><counter type="COMPLEXITY" missed="3" covered="0"/><counter type="METHOD" missed="2" covered="0"/><counter type="CLASS" missed="1" covered="0"/></class><class 
[...]
678" mi="3" ci="0" mb="0" cb="0"/><line nr="679" mi="3" ci="0" mb="0" cb="0"/><line nr="680" mi="3" ci="0" mb="0" cb="0"/><line nr="683" mi="2" ci="0" mb="2" cb="0"/><line nr="684" mi="8" ci="0" mb="0" cb="0"/><line nr="685" mi="8" ci="0" mb="0" cb="0"/><line nr="686" mi="1" ci="0" mb="0" cb="0"/><line nr="690" mi="7" ci="0" mb="4" cb="0"/><line nr="691" mi="1" ci="0" mb="0" cb="0"/><line nr="693" mi="3" ci="0" mb="0" cb="0"/><line nr="694" mi="3" ci="0" mb="0" cb="0"/><line nr="695" mi="3" ci="0" mb="0" cb="0"/><line nr="696" mi="11" ci="0" mb="2" cb="0"/><line nr="697" mi="5" ci="0" mb="0" cb="0"/><line nr="698" mi="9" ci="0" mb="0" cb="0"/><line nr="699" mi="1" ci="0" mb="0" cb="0"/><line nr="702" mi="3" ci="0" mb="0" cb="0"/><line nr="703" mi="3" ci="0" mb="0" cb="0"/><line nr="704" mi="3" ci="0" mb="0" cb="0"/><line nr="706" mi="11" ci="0" mb="0" cb="0"/><line nr="708" mi="2" ci="0" mb="0" cb="0"/><line nr="709" mi="5" ci="0" mb="0" cb="0"/><line nr="710" mi="10" ci="0" mb="0" cb="0"/><line nr="711" mi="3" ci="0" mb="0" cb="0"/><line nr="717" mi="1" ci="0" mb="0" cb="0"/><line nr="720" mi="2" ci="9" mb="1" cb="1"/><line nr="724" mi="6" ci="5" mb="3" cb="1"/><line nr="728" mi="6" ci="5" mb="3" cb="1"/><line nr="732" mi="6" ci="5" mb="3" cb="1"/><line nr="736" mi="2" ci="9" mb="1" cb="1"/><line nr="741" mi="0" ci="3" mb="1" cb="1"/><line nr="742" mi="7" ci="0" mb="0" cb="0"/><line nr="743" mi="7" ci="0" mb="0" cb="0"/><line nr="744" mi="6" ci="0" mb="0" cb="0"/><line nr="745" mi="6" ci="0" mb="0" cb="0"/><line nr="746" mi="1" ci="0" mb="0" cb="0"/><line nr="749" mi="0" ci="3" mb="1" cb="1"/><line nr="750" mi="5" ci="0" mb="2" cb="0"/><line nr="751" mi="3" ci="0" mb="0" cb="0"/><line nr="752" mi="3" ci="0" mb="0" cb="0"/><line nr="753" mi="3" ci="0" mb="0" cb="0"/><line nr="754" mi="4" ci="0" mb="0" cb="0"/><line nr="756" mi="7" ci="0" mb="0" cb="0"/><line nr="757" mi="7" ci="0" mb="0" cb="0"/><line nr="762" mi="0" ci="3" mb="1" cb="1"/><line nr="763" mi="3" ci="0" mb="0" cb="0"/><line nr="765" mi="12" ci="0" mb="0" cb="0"/><line nr="766" mi="6" ci="0" mb="4" cb="0"/><line nr="767" mi="2" ci="0" mb="0" cb="0"/><line nr="768" mi="9" ci="0" mb="2" cb="0"/><line nr="769" mi="9" ci="0" mb="0" cb="0"/><line nr="770" mi="3" ci="0" mb="0" cb="0"/><line nr="773" mi="1" ci="0" mb="0" cb="0"/><line nr="780" mi="0" ci="11" mb="2" cb="2"/><line nr="781" mi="6" ci="0" mb="0" cb="0"/><line nr="782" mi="4" ci="0" mb="2" cb="0"/><line nr="783" mi="3" ci="0" mb="0" cb="0"/><line nr="788" mi="0" ci="7" mb="0" cb="0"/><line nr="792" mi="0" ci="8" mb="1" cb="1"/><line nr="793" mi="0" ci="7" mb="0" cb="0"/><line nr="794" mi="0" ci="3" mb="0" cb="0"/><line nr="796" mi="0" ci="3" mb="1" cb="1"/><line nr="797" mi="3" ci="0" mb="0" cb="0"/><line nr="798" mi="5" ci="0" mb="2" cb="0"/><line nr="799" mi="3" ci="0" mb="0" cb="0"/><line nr="807" mi="0" ci="12" mb="0" cb="0"/><line nr="808" mi="0" ci="6" mb="2" cb="2"/><line nr="809" mi="0" ci="2" mb="0" cb="0"/><line nr="810" mi="0" ci="9" mb="0" cb="2"/><line nr="812" mi="7" ci="5" mb="3" cb="1"/><line nr="813" mi="4" ci="0" mb="0" cb="0"/><line nr="816" mi="12" ci="4" mb="5" cb="1"/><line nr="817" mi="14" ci="4" mb="5" cb="1"/><line nr="819" mi="0" ci="2" mb="1" cb="1"/><line nr="820" mi="0" ci="9" mb="0" cb="0"/><line nr="821" mi="0" ci="3" mb="0" cb="0"/><line nr="828" mi="0" ci="2" mb="0" cb="0"/><line nr="829" mi="4" ci="7" mb="1" cb="1"/><line nr="830" mi="10" ci="0" mb="4" cb="0"/><line nr="831" mi="6" ci="0" mb="0" cb="0"/><line nr="832" mi="3" ci="0" mb="0" cb="0"/><line nr="833" mi="5" ci="0" mb="2" cb="0"/><line nr="834" mi="3" ci="0" mb="0" cb="0"/><line nr="837" mi="1" ci="0" mb="0" cb="0"/><line nr="838" mi="3" ci="5" mb="0" cb="0"/><line nr="841" mi="4" ci="7" mb="1" cb="1"/><line nr="842" mi="2" ci="0" mb="0" cb="0"/><line nr="843" mi="1" ci="0" mb="0" cb="0"/><line nr="844" mi="3" ci="5" mb="0" cb="0"/><line nr="847" mi="0" ci="3" mb="1" cb="1"/><line nr="848" mi="3" ci="0" mb="0" cb="0"/><line nr="851" mi="9" ci="0" mb="4" cb="0"/><line nr="853" mi="4" ci="0" mb="2" cb="0"/><line nr="854" mi="4" ci="0" mb="0" cb="0"/><line nr="855" mi="4" ci="0" mb="2" cb="0"/><line nr="856" mi="6" ci="0" mb="0" cb="0"/><line nr="858" mi="6" ci="0" mb="0" cb="0"/><line nr="859" mi="5" ci="0" mb="0" cb="0"/><line nr="860" mi="4" ci="0" mb="0" cb="0"/><line nr="866" mi="4" ci="0" mb="2" cb="0"/><line nr="867" mi="3" ci="0" mb="0" cb="0"/><line nr="872" mi="0" ci="3" mb="1" cb="1"/><line nr="873" mi="3" ci="0" mb="0" cb="0"/><line nr="876" mi="9" ci="0" mb="4" cb="0"/><line nr="878" mi="4" ci="0" mb="2" cb="0"/><line nr="879" mi="4" ci="0" mb="0" cb="0"/><line nr="880" mi="4" ci="0" mb="2" cb="0"/><line nr="881" mi="6" ci="0" mb="0" cb="0"/><line nr="883" mi="6" ci="0" mb="0" cb="0"/><line nr="884" mi="5" ci="0" mb="0" cb="0"/><line nr="890" mi="4" ci="0" mb="2" cb="0"/><line nr="891" mi="3" ci="0" mb="0" cb="0"/><line nr="896" mi="0" ci="3" mb="1" cb="1"/><line nr="897" mi="3" ci="0" mb="0" cb="0"/><line nr="900" mi="9" ci="0" mb="4" cb="0"/><line nr="902" mi="4" ci="0" mb="2" cb="0"/><line nr="903" mi="4" ci="0" mb="0" cb="0"/><line nr="904" mi="4" ci="0" mb="2" cb="0"/><line nr="905" mi="6" ci="0" mb="0" cb="0"/><line nr="907" mi="6" ci="0" mb="0" cb="0"/><line nr="908" mi="5" ci="0" mb="0" cb="0"/><line nr="914" mi="4" ci="0" mb="2" cb="0"/><line nr="915" mi="3" ci="0" mb="0" cb="0"/><line nr="920" mi="0" ci="3" mb="1" cb="1"/><line nr="921" mi="3" ci="0" mb="0" cb="0"/><line nr="922" mi="9" ci="0" mb="4" cb="0"/><line nr="923" mi="4" ci="0" mb="2" cb="0"/><line nr="924" mi="4" ci="0" mb="0" cb="0"/><line nr="925" mi="4" ci="0" mb="2" cb="0"/><line nr="926" mi="6" ci="0" mb="0" cb="0"/><line nr="928" mi="6" ci="0" mb="0" cb="0"/><line nr="929" mi="4" ci="0" mb="0" cb="0"/><line nr="930" mi="4" ci="0" mb="0" cb="0"/><line nr="933" mi="4" ci="0" mb="2" cb="0"/><line nr="934" mi="3" ci="0" mb="0" cb="0"/><line nr="939" mi="4" ci="3" mb="3" cb="1"/><line nr="940" mi="3" ci="0" mb="0" cb="0"/><line nr="942" mi="0" ci="1" mb="0" cb="0"/><line nr="946" mi="1" ci="6" mb="2" cb="2"/><line nr="947" mi="0" ci="6" mb="0" cb="0"/><line nr="948" mi="6" ci="3" mb="3" cb="1"/><line nr="949" mi="0" ci="3" mb="0" cb="0"/><line nr="951" mi="0" ci="3" mb="0" cb="0"/><line nr="952" mi="0" ci="1" mb="0" cb="0"/><line nr="955" mi="1" ci="6" mb="2" cb="2"/><line nr="956" mi="0" ci="6" mb="0" cb="0"/><line nr="957" mi="6" ci="3" mb="3" cb="1"/><line nr="958" mi="0" ci="3" mb="0" cb="0"/><line nr="960" mi="0" ci="3" mb="0" cb="0"/><line nr="961" mi="0" ci="1" mb="0" cb="0"/><line nr="964" mi="2" ci="0" mb="0" cb="0"/><line nr="965" mi="7" ci="0" mb="0" cb="0"/><line nr="966" mi="8" ci="0" mb="0" cb="0"/><line nr="968" mi="11" ci="0" mb="0" cb="0"/><line nr="969" mi="5" ci="0" mb="0" cb="0"/><line nr="973" mi="6" ci="0" mb="4" cb="0"/><line nr="974" mi="2" ci="0" mb="0" cb="0"/><line nr="977" mi="2" ci="0" mb="0" cb="0"/><line nr="981" mi="7" ci="0" mb="4" cb="0"/><line nr="982" mi="3" ci="0" mb="2" cb="0"/><line nr="983" mi="3" ci="0" mb="0" cb="0"/><line nr="984" mi="3" ci="0" mb="0" cb="0"/><line nr="985" mi="3" ci="0" mb="0" cb="0"/><line nr="987" mi="1" ci="0" mb="0" cb="0"/><line nr="990" mi="1" ci="6" mb="2" cb="2"/><line nr="991" mi="0" ci="3" mb="0" cb="0"/><line nr="992" mi="0" ci="1" mb="0" cb="0"/><line nr="995" mi="0" ci="3" mb="0" cb="0"/><line nr="999" mi="1" ci="6" mb="2" cb="2"/><line nr="1000" mi="0" ci="3" mb="0" cb="0"/><line nr="1001" mi="0" ci="1" mb="0" cb="0"/><line nr="1004" mi="0" ci="3" mb="0" cb="0"/><line nr="1008" mi="0" ci="3" mb="1" cb="1"/><line nr="1009" mi="3" ci="0" mb="0" cb="0"/><line nr="1010" mi="1" ci="0" mb="0" cb="0"/><line nr="1012" mi="0" ci="18" mb="6" cb="6"/><line nr="1013" mi="1" ci="0" mb="0" cb="0"/><line nr="1015" mi="0" ci="2" mb="1" cb="1"/><line nr="1016" mi="4" ci="0" mb="0" cb="0"/><line nr="1017" mi="0" ci="2" mb="1" cb="1"/><line nr="1018" mi="4" ci="0" mb="0" cb="0"/><line nr="1019" mi="0" ci="2" mb="1" cb="1"/><line nr="1020" mi="4" ci="0" mb="0" cb="0"/><line nr="1022" mi="0" ci="3" mb="0" cb="0"/><line nr="1024" mi="0" ci="1" mb="0" cb="0"/><line nr="1029" mi="2" ci="0" mb="2" cb="0"/><line nr="1030" mi="3" ci="0" mb="0" cb="0"/><line nr="1031" mi="5" ci="0" mb="0" cb="0"/><line nr="1032" mi="9" ci="0" mb="0" cb="0"/><line nr="1035" mi="4" ci="0" mb="0" cb="0"/><line nr="1036" mi="3" ci="0" mb="2" cb="0"/><line nr="1037" mi="20" ci="0" mb="0" cb="0"/><line nr="1040" mi="12" ci="0" mb="0" cb="0"/><line nr="1041" mi="5" ci="0" mb="4" cb="0"/><line nr="1042" mi="6" ci="0" mb="0" cb="0"/><line nr="1045" mi="2" ci="0" mb="0" cb="0"/><line nr="1046" mi="2" ci="0" mb="0" cb="0"/><line nr="1047" mi="5" ci="0" mb="0" cb="0"/><line nr="1048" mi="3" ci="0" mb="0" cb="0"/><line nr="1051" mi="3" ci="0" mb="0" cb="0"/><line nr="1052" mi="3" ci="0" mb="0" cb="0"/><line nr="1053" mi="6" ci="0" mb="0" cb="0"/><line nr="1054" mi="6" ci="0" mb="0" cb="0"/><line nr="1057" mi="6" ci="0" mb="4" cb="0"/><line nr="1058" mi="6" ci="0" mb="0" cb="0"/><line nr="1059" mi="3" ci="0" mb="0" cb="0"/><line nr="1062" mi="14" ci="0" mb="0" cb="0"/><line nr="1064" mi="2" ci="0" mb="0" cb="0"/><line nr="1067" mi="11" ci="0" mb="2" cb="0"/><line nr="1068" mi="3" ci="0" mb="2" cb="0"/><line nr="1069" mi="7" ci="0" mb="0" cb="0"/><line nr="1070" mi="7" ci="0" mb="0" cb="0"/><line nr="1071" mi="10" ci="0" mb="0" cb="0"/><line nr="1072" mi="17" ci="0" mb="0" cb="0"/><line nr="1073" mi="4" ci="0" mb="0" cb="0"/><line nr="1074" mi="5" ci="0" mb="0" cb="0"/><line nr="1075" mi="20" ci="0" mb="0" cb="0"/><line nr="1077" mi="2" ci="0" mb="0" cb="0"/><line nr="1079" mi="1" ci="0" mb="0" cb="0"/><line nr="1082" mi="7" ci="0" mb="4" cb="0"/><line nr="1083" mi="4" ci="0" mb="0" cb="0"/><line nr="1085" mi="2" ci="0" mb="2" cb="0"/><line nr="1087" mi="4" ci="0" mb="2" cb="0"/><line nr="1089" mi="23" ci="0" mb="0" cb="0"/><line nr="1093" mi="18" ci="0" mb="0" cb="0"/><line nr="1098" mi="3" ci="0" mb="0" cb="0"/><line nr="1099" mi="14" ci="0" mb="0" cb="0"/><line nr="1102" mi="2" ci="0" mb="0" cb="0"/><line nr="1106" mi="7" ci="0" mb="4" cb="0"/><line nr="1107" mi="4" ci="0" mb="0" cb="0"/><line nr="1109" mi="2" ci="0" mb="2" cb="0"/><line nr="1111" mi="6" ci="0" mb="0" cb="0"/><line nr="1112" mi="2" ci="0" mb="0" cb="0"/><line nr="1114" mi="8" ci="0" mb="2" cb="0"/><line nr="1116" mi="14" ci="0" mb="0" cb="0"/><line nr="1117" mi="14" ci="0" mb="2" cb="0"/><line nr="1119" mi="2" ci="0" mb="0" cb="0"/><line nr="1122" mi="5" ci="0" mb="0" cb="0"/><line nr="1123" mi="17" ci="0" mb="0" cb="0"/><line nr="1125" mi="1" ci="0" mb="0" cb="0"/><line nr="1127" mi="3" ci="0" mb="0" cb="0"/><line nr="1128" mi="14" ci="0" mb="0" cb="0"/><line nr="1131" mi="2" ci="0" mb="0" cb="0"/><line nr="1135" mi="7" ci="0" mb="4" cb="0"/><line nr="1136" mi="4" ci="0" mb="0" cb="0"/><line nr="1138" mi="2" ci="0" mb="2" cb="0"/><line nr="1140" mi="6" ci="0" mb="0" cb="0"/><line nr="1141" mi="2" ci="0" mb="0" cb="0"/><line nr="1143" mi="8" ci="0" mb="2" cb="0"/><line nr="1145" mi="14" ci="0" mb="0" cb="0"/><line nr="1146" mi="14" ci="0" mb="2" cb="0"/><line nr="1148" mi="2" ci="0" mb="0" cb="0"/><line nr="1151" mi="5" ci="0" mb="0" cb="0"/><line nr="1152" mi="17" ci="0" mb="0" cb="0"/><line nr="1154" mi="1" ci="0" mb="0" cb="0"/><line nr="1156" mi="8" ci="0" mb="0" cb="0"/><line nr="1157" mi="14" ci="0" mb="0" cb="0"/><line nr="1160" mi="2" ci="0" mb="0" cb="0"/><line nr="1164" mi="11" ci="0" mb="6" cb="0"/><line nr="1165" mi="5" ci="0" mb="0" cb="0"/><line nr="1167" mi="2" ci="0" mb="0" cb="0"/><line nr="1168" mi="5" ci="0" mb="2" cb="0"/><line nr="1169" mi="8" ci="0" mb="0" cb="0"/><line nr="1171" mi="2" ci="0" mb="0" cb="0"/><line nr="1172" mi="2" ci="0" mb="0" cb="0"/><line nr="1173" mi="11" ci="0" mb="0" cb="0"/><line nr="1175" mi="4" ci="0" mb="0" cb="0"/><line nr="1176" mi="4" ci="0" mb="0" cb="0"/><line nr="1177" mi="5" ci="0" mb="0" cb="0"/><line nr="1178" mi="12" ci="0" mb="0" cb="0"/><line nr="1179" mi="12" ci="0" mb="0" cb="0"/><line nr="1180" mi="9" ci="0" mb="0" cb="0"/><line nr="1181" mi="2" ci="0" mb="0" cb="0"/><line nr="1182" mi="1" ci="0" mb="0" cb="0"/><line nr="1183" mi="3" ci="0" mb="0" cb="0"/><line nr="1188" mi="7" ci="0" mb="4" cb="0"/><line nr="1189" mi="4" ci="0" mb="0" cb="0"/><line nr="1190" mi="2" ci="0" mb="2" cb="0"/><line nr="1191" mi="4" ci="0" mb="2" cb="0"/><line nr="1192" mi="18" ci="0" mb="0" cb="0"/><line nr="1195" mi="23" ci="0" mb="0" cb="0"/><line nr="1198" mi="3" ci="0" mb="0" cb="0"/><line nr="1199" mi="14" ci="0" mb="0" cb="0"/><line nr="1201" mi="2" ci="0" mb="0" cb="0"/><line nr="1205" mi="11" ci="0" mb="2" cb="0"/><line nr="1206" mi="4" ci="0" mb="0" cb="0"/><line nr="1207" mi="4" ci="0" mb="0" cb="0"/><line nr="1208" mi="8" ci="0" mb="0" cb="0"/><line nr="1211" mi="3" ci="0" mb="0" cb="0"/><line nr="1212" mi="13" ci="0" mb="0" cb="0"/><line nr="1215" mi="4" ci="0" mb="0" cb="0"/><line nr="1216" mi="9" ci="0" mb="0" cb="0"/><line nr="1218" mi="2" ci="0" mb="0" cb="0"/><line nr="1219" mi="1" ci="0" mb="0" cb="0"/><line nr="1222" mi="7" ci="0" mb="4" cb="0"/><line nr="1223" mi="7" ci="0" mb="0" cb="0"/><line nr="1224" mi="5" ci="0" mb="4" cb="0"/><line nr="1225" mi="4" ci="0" mb="0" cb="0"/><line nr="1226" mi="4" ci="0" mb="0" cb="0"/><line nr="1227" mi="5" ci="0" mb="0" cb="0"/><line nr="1228" mi="4" ci="0" mb="0" cb="0"/><line nr="1229" mi="4" ci="0" mb="0" cb="0"/><line nr="1230" mi="7" ci="0" mb="0" cb="0"/><line nr="1231" mi="7" ci="0" mb="0" cb="0"/><line nr="1232" mi="2" ci="0" mb="0" cb="0"/><line nr="1233" mi="2" ci="0" mb="0" cb="0"/><line nr="1234" mi="3" ci="0" mb="0" cb="0"/><line nr="1235" mi="3" ci="0" mb="0" cb="0"/><line nr="1236" mi="4" ci="0" mb="2" cb="0"/><line nr="1237" mi="15" ci="0" mb="0" cb="0"/><line nr="1239" mi="17" ci="0" mb="0" cb="0"/><line nr="1241" mi="2" ci="0" mb="0" cb="0"/><line nr="1244" mi="1" ci="0" mb="0" cb="0"/><line nr="1248" mi="0" ci="5" mb="1" cb="1"/><line nr="1249" mi="3" ci="0" mb="0" cb="0"/><line nr="1250" mi="3" ci="0" mb="0" cb="0"/><line nr="1251" mi="3" ci="0" mb="0" cb="0"/><line nr="1253" mi="0" ci="1" mb="0" cb="0"/><line nr="1257" mi="0" ci="3" mb="0" cb="0"/><line nr="1261" mi="0" ci="3" mb="0" cb="0"/><line nr="1265" mi="0" ci="3" mb="0" cb="0"/><line nr="1266" mi="0" ci="1" mb="0" cb="0"/><line nr="1269" mi="0" ci="3" mb="0" cb="0"/><line nr="1273" mi="0" ci="3" mb="0" cb="0"/><line nr="1274" mi="0" ci="1" mb="0" cb="0"/><line nr="1277" mi="0" ci="3" mb="0" cb="0"/><line nr="1281" mi="0" ci="3" mb="0" cb="0"/><line nr="1285" mi="3" ci="0" mb="0" cb="0"/><line nr="1289" mi="3" ci="0" mb="0" cb="0"/><line nr="1290" mi="1" ci="0" mb="0" cb="0"/><line nr="1293" mi="3" ci="0" mb="0" cb="0"/><line nr="1294" mi="1" ci="0" mb="0" cb="0"/><line nr="1297" mi="3" ci="0" mb="2" cb="0"/><line nr="1299" mi="6" ci="0" mb="0" cb="0"/><line nr="1300" mi="3" ci="0" mb="0" cb="0"/><line nr="1302" mi="2" ci="0" mb="0" cb="0"/><line nr="1303" mi="5" ci="0" mb="0" cb="0"/><line nr="1304" mi="2" ci="0" mb="0" cb="0"/><line nr="1305" mi="1" ci="0" mb="0" cb="0"/><line nr="1306" mi="2" ci="0" mb="0" cb="0"/><line nr="1307" mi="1" ci="0" mb="0" cb="0"/><line nr="1308" mi="1" ci="0" mb="0" cb="0"/><line nr="1312" mi="4" ci="0" mb="0" cb="0"/><line nr="1313" mi="1" ci="0" mb="0" cb="0"/><line nr="1317" mi="7" ci="0" mb="4" cb="0"/><line nr="1318" mi="4" ci="0" mb="0" cb="0"/><line nr="1319" mi="4" ci="0" mb="2" cb="0"/><line nr="1320" mi="3" ci="0" mb="0" cb="0"/><line nr="1321" mi="3" ci="0" mb="0" cb="0"/><line nr="1322" mi="3" ci="0" mb="0" cb="0"/><line nr="1323" mi="3" ci="0" mb="0" cb="0"/><line nr="1326" mi="5" ci="0" mb="0" cb="0"/><line nr="1327" mi="3" ci="0" mb="0" cb="0"/><line nr="1328" mi="1" ci="0" mb="0" cb="0"/><line nr="1330" mi="3" ci="0" mb="0" cb="0"/><line nr="1331" mi="3" ci="0" mb="0" cb="0"/><line nr="1332" mi="2" ci="0" mb="0" cb="0"/><line nr="1333" mi="4" ci="0" mb="4" cb="0"/><line nr="1334" mi="12" ci="0" mb="0" cb="0"/><line nr="1335" mi="12" ci="0" mb="0" cb="0"/><line nr="1336" mi="13" ci="0" mb="0" cb="0"/><line nr="1340" mi="8" ci="0" mb="0" cb="0"/><line nr="1341" mi="8" ci="0" mb="0" cb="0"/><line nr="1342" mi="11" ci="0" mb="0" cb="0"/><line nr="1343" mi="1" ci="0" mb="0" cb="0"/><line nr="1346" mi="7" ci="0" mb="4" cb="0"/><line nr="1347" mi="3" ci="0" mb="0" cb="0"/><line nr="1348" mi="5" ci="0" mb="0" cb="0"/><line nr="1349" mi="3" ci="0" mb="0" cb="0"/><line nr="1350" mi="7" ci="0" mb="2" cb="0"/><line nr="1351" mi="7" ci="0" mb="2" cb="0"/><line nr="1352" mi="3" ci="0" mb="0" cb="0"/><line nr="1353" mi="1" ci="0" mb="0" cb="0"/><line nr="1357" mi="2" ci="0" mb="0" cb="0"/><line nr="1358" mi="5" ci="0" mb="0" cb="0"/><line nr="1360" mi="4" ci="0" mb="2" cb="0"/><line nr="1361" mi="2" ci="0" mb="0" cb="0"/><line nr="1364" mi="5" ci="0" mb="0" cb="0"/><line nr="1368" mi="9" ci="0" mb="2" cb="0"/><line nr="1372" mi="2" ci="0" mb="0" cb="0"/><line nr="1373" mi="5" ci="0" mb="0" cb="0"/><line nr="1375" mi="4" ci="0" mb="2" cb="0"/><line nr="1376" mi="2" ci="0" mb="0" cb="0"/><line nr="1379" mi="4" ci="0" mb="0" cb="0"/><line nr="1384" mi="5" ci="5" mb="3" cb="1"/><line nr="1388" mi="7" ci="0" mb="4" cb="0"/><line nr="1390" mi="3" ci="0" mb="0" cb="0"/><line nr="1391" mi="3" ci="0" mb="0" cb="0"/><line nr="1392" mi="3" ci="0" mb="0" cb="0"/><line nr="1395" mi="8" ci="0" mb="0" cb="0"/><line nr="1396" mi="3" ci="0" mb="0" cb="0"/><line nr="1397" mi="7" ci="0" mb="2" cb="0"/><line nr="1398" mi="3" ci="0" mb="0" cb="0"/><line nr="1399" mi="4" ci="0" mb="0" cb="0"/><line nr="1400" mi="1" ci="0" mb="0" cb="0"/><line nr="1401" mi="3" ci="0" mb="0" cb="0"/><line nr="1402" mi="2" ci="0" mb="0" cb="0"/><line nr="1403" mi="1" ci="0" mb="0" cb="0"/><line nr="1406" mi="0" ci="3" mb="0" cb="0"/><line nr="1410" mi="0" ci="3" mb="0" cb="0"/><line nr="1415" mi="3" ci="0" mb="0" cb="0"/><line nr="1416" mi="3" ci="0" mb="0" cb="0"/><line nr="1417" mi="3" ci="0" mb="0" cb="0"/><line nr="1418" mi="3" ci="0" mb="0" cb="0"/><line nr="1419" mi="3" ci="0" mb="0" cb="0"/><line nr="1420" mi="3" ci="0" mb="0" cb="0"/><line nr="1421" mi="3" ci="0" mb="0" cb="0"/><line nr="1422" mi="3" ci="0" mb="0" cb="0"/><line nr="1423" mi="3" ci="0" mb="0" cb="0"/><line nr="1424" mi="3" ci="0" mb="0" cb="0"/><line nr="1425" mi="3" ci="0" mb="0" cb="0"/><line nr="1426" mi="3" ci="0" mb="0" cb="0"/><line nr="1427" mi="3" ci="0" mb="0" cb="0"/><line nr="1428" mi="3" ci="0" mb="0" cb="0"/><line nr="1429" mi="3" ci="0" mb="0" cb="0"/><line nr="1432" mi="3" ci="0" mb="0" cb="0"/><line nr="1433" mi="1" ci="0" mb="0" cb="0"/><counter type="INSTRUCTION" missed="2952" covered="800"/><counter type="BRANCH" missed="390" covered="80"/><counter type="LINE" missed="595" covered="212"/><counter type="COMPLEXITY" missed="263" covered="48"/><counter type="METHOD" missed="40" covered="29"/><counter type="CLASS" missed="7" covered="2"/></sourcefile><sourcefile name="Main.java"><line nr="3" mi="3" ci="0" mb="0" cb="0"/><line nr="5" mi="4" ci="0" mb="0" cb="0"/><line nr="6" mi="1" ci="0" mb="0" cb="0"/><counter type="INSTRUCTION" missed="8" covered="0"/><counter type="LINE" missed="3" covered="0"/><counter type="COMPLEXITY" missed="2" covered="0"/><counter type="METHOD" missed="2" covered="0"/><counter type="CLASS" missed="1" covered="0"/></sourcefile><counter type="INSTRUCTION" missed="7125" covered="2105"/><counter type="BRANCH" missed="681" covered="139"/><counter type="LINE" missed="1508" covered="542"/><counter type="COMPLEXITY" missed="554" covered="101"/><counter type="METHOD" missed="161" covered="77"/><counter type="CLASS" missed="27" covered="11"/></package><counter type="INSTRUCTION" missed="7125" covered="2105"/><counter type="BRANCH" missed="681" covered="139"/><counter type="LINE" missed="1508" covered="542"/><counter type="COMPLEXITY" missed="554" covered="101"/><counter type="METHOD" missed="161" covered="77"/><counter type="CLASS" missed="27" covered="11"/></report>